2012-02-18 16:37:08 Error: [MissingControllerException] Controller class AttendanceController could not be found.
#0 /www/dev/topoftheclass/app/webroot/index.php(96): Dispatcher->dispatch(Object(CakeRequest), Object(CakeResponse))
#1 {main}
2012-03-06 23:17:30 Error: [PDOException] SQLSTATE[42S22]: Column not found: 1054 Unknown column 'User.username' in 'where clause'
#0 /www/dev/topoftheclass/lib/Cake/Model/Datasource/DboSource.php(436): PDOStatement->execute(Array)
#1 /www/dev/topoftheclass/lib/Cake/Model/Datasource/DboSource.php(403): DboSource->_execute('SELECT `User`.`...', Array)
#2 /www/dev/topoftheclass/lib/Cake/Model/Datasource/DboSource.php(647): DboSource->execute('SELECT `User`.`...', Array, Array)
#3 /www/dev/topoftheclass/lib/Cake/Model/Datasource/DboSource.php(1040): DboSource->fetchAll('SELECT `User`.`...', false)
#4 /www/dev/topoftheclass/lib/Cake/Model/Model.php(2483): DboSource->read(Object(User), Array)
#5 /www/dev/topoftheclass/lib/Cake/Model/Datasource/DboSource.php(575): Model->find('first', Array)
#6 /www/dev/topoftheclass/lib/Cake/Model/Model.php(720): DboSource->query('findByUsername', Array, Object(User))
#7 [internal function]: Model->__call('findByUsername', Array)
#8 /www/dev/topoftheclass/app/Controller/UsersController.php(12): User->findByUsername(NULL)
#9 [internal function]: UsersController->login()
#10 /www/dev/topoftheclass/lib/Cake/Controller/Controller.php(473): ReflectionMethod->invokeArgs(Object(UsersController), Array)
#11 /www/dev/topoftheclass/lib/Cake/Routing/Dispatcher.php(104): Controller->invokeAction(Object(CakeRequest))
#12 /www/dev/topoftheclass/lib/Cake/Routing/Dispatcher.php(86): Dispatcher->_invoke(Object(UsersController), Object(CakeRequest), Object(CakeResponse))
#13 /www/dev/topoftheclass/app/webroot/index.php(96): Dispatcher->dispatch(Object(CakeRequest), Object(CakeResponse))
#14 {main}
2012-03-06 23:19:06 Error: [PDOException] SQLSTATE[42S22]: Column not found: 1054 Unknown column 'User.username' in 'where clause'
#0 /www/dev/topoftheclass/lib/Cake/Model/Datasource/DboSource.php(436): PDOStatement->execute(Array)
#1 /www/dev/topoftheclass/lib/Cake/Model/Datasource/DboSource.php(403): DboSource->_execute('SELECT `User`.`...', Array)
#2 /www/dev/topoftheclass/lib/Cake/Model/Datasource/DboSource.php(647): DboSource->execute('SELECT `User`.`...', Array, Array)
#3 /www/dev/topoftheclass/lib/Cake/Model/Datasource/DboSource.php(1040): DboSource->fetchAll('SELECT `User`.`...', false)
#4 /www/dev/topoftheclass/lib/Cake/Model/Model.php(2483): DboSource->read(Object(User), Array)
#5 /www/dev/topoftheclass/lib/Cake/Model/Datasource/DboSource.php(575): Model->find('first', Array)
#6 /www/dev/topoftheclass/lib/Cake/Model/Model.php(720): DboSource->query('findByUsername', Array, Object(User))
#7 [internal function]: Model->__call('findByUsername', Array)
#8 /www/dev/topoftheclass/app/Controller/UsersController.php(12): User->findByUsername(NULL)
#9 [internal function]: UsersController->login()
#10 /www/dev/topoftheclass/lib/Cake/Controller/Controller.php(473): ReflectionMethod->invokeArgs(Object(UsersController), Array)
#11 /www/dev/topoftheclass/lib/Cake/Routing/Dispatcher.php(104): Controller->invokeAction(Object(CakeRequest))
#12 /www/dev/topoftheclass/lib/Cake/Routing/Dispatcher.php(86): Dispatcher->_invoke(Object(UsersController), Object(CakeRequest), Object(CakeResponse))
#13 /www/dev/topoftheclass/app/webroot/index.php(96): Dispatcher->dispatch(Object(CakeRequest), Object(CakeResponse))
#14 {main}
2012-03-06 23:19:53 Error: [PDOException] SQLSTATE[42S22]: Column not found: 1054 Unknown column 'User.username' in 'where clause'
#0 /www/dev/topoftheclass/lib/Cake/Model/Datasource/DboSource.php(436): PDOStatement->execute(Array)
#1 /www/dev/topoftheclass/lib/Cake/Model/Datasource/DboSource.php(403): DboSource->_execute('SELECT `User`.`...', Array)
#2 /www/dev/topoftheclass/lib/Cake/Model/Datasource/DboSource.php(647): DboSource->execute('SELECT `User`.`...', Array, Array)
#3 /www/dev/topoftheclass/lib/Cake/Model/Datasource/DboSource.php(1040): DboSource->fetchAll('SELECT `User`.`...', false)
#4 /www/dev/topoftheclass/lib/Cake/Model/Model.php(2483): DboSource->read(Object(User), Array)
#5 /www/dev/topoftheclass/lib/Cake/Model/Datasource/DboSource.php(575): Model->find('first', Array)
#6 /www/dev/topoftheclass/lib/Cake/Model/Model.php(720): DboSource->query('findByUsername', Array, Object(User))
#7 [internal function]: Model->__call('findByUsername', Array)
#8 /www/dev/topoftheclass/app/Controller/UsersController.php(12): User->findByUsername(NULL)
#9 [internal function]: UsersController->login()
#10 /www/dev/topoftheclass/lib/Cake/Controller/Controller.php(473): ReflectionMethod->invokeArgs(Object(UsersController), Array)
#11 /www/dev/topoftheclass/lib/Cake/Routing/Dispatcher.php(104): Controller->invokeAction(Object(CakeRequest))
#12 /www/dev/topoftheclass/lib/Cake/Routing/Dispatcher.php(86): Dispatcher->_invoke(Object(UsersController), Object(CakeRequest), Object(CakeResponse))
#13 /www/dev/topoftheclass/app/webroot/index.php(96): Dispatcher->dispatch(Object(CakeRequest), Object(CakeResponse))
#14 {main}
2012-03-06 23:21:59 Error: [PDOException] SQLSTATE[42S22]: Column not found: 1054 Unknown column 'User.username' in 'where clause'
#0 /www/dev/topoftheclass/lib/Cake/Model/Datasource/DboSource.php(436): PDOStatement->execute(Array)
#1 /www/dev/topoftheclass/lib/Cake/Model/Datasource/DboSource.php(403): DboSource->_execute('SELECT `User`.`...', Array)
#2 /www/dev/topoftheclass/lib/Cake/Model/Datasource/DboSource.php(647): DboSource->execute('SELECT `User`.`...', Array, Array)
#3 /www/dev/topoftheclass/lib/Cake/Model/Datasource/DboSource.php(1040): DboSource->fetchAll('SELECT `User`.`...', false)
#4 /www/dev/topoftheclass/lib/Cake/Model/Model.php(2483): DboSource->read(Object(User), Array)
#5 /www/dev/topoftheclass/lib/Cake/Model/Datasource/DboSource.php(575): Model->find('first', Array)
#6 /www/dev/topoftheclass/lib/Cake/Model/Model.php(720): DboSource->query('findByUsername', Array, Object(User))
#7 [internal function]: Model->__call('findByUsername', Array)
#8 /www/dev/topoftheclass/app/Controller/UsersController.php(12): User->findByUsername(NULL)
#9 [internal function]: UsersController->login()
#10 /www/dev/topoftheclass/lib/Cake/Controller/Controller.php(473): ReflectionMethod->invokeArgs(Object(UsersController), Array)
#11 /www/dev/topoftheclass/lib/Cake/Routing/Dispatcher.php(104): Controller->invokeAction(Object(CakeRequest))
#12 /www/dev/topoftheclass/lib/Cake/Routing/Dispatcher.php(86): Dispatcher->_invoke(Object(UsersController), Object(CakeRequest), Object(CakeResponse))
#13 /www/dev/topoftheclass/app/webroot/index.php(96): Dispatcher->dispatch(Object(CakeRequest), Object(CakeResponse))
#14 {main}
2012-03-06 23:22:53 Error: [PDOException] SQLSTATE[42S22]: Column not found: 1054 Unknown column 'User.username' in 'where clause'
#0 /www/dev/topoftheclass/lib/Cake/Model/Datasource/DboSource.php(436): PDOStatement->execute(Array)
#1 /www/dev/topoftheclass/lib/Cake/Model/Datasource/DboSource.php(403): DboSource->_execute('SELECT `User`.`...', Array)
#2 /www/dev/topoftheclass/lib/Cake/Model/Datasource/DboSource.php(647): DboSource->execute('SELECT `User`.`...', Array, Array)
#3 /www/dev/topoftheclass/lib/Cake/Model/Datasource/DboSource.php(1040): DboSource->fetchAll('SELECT `User`.`...', false)
#4 /www/dev/topoftheclass/lib/Cake/Model/Model.php(2483): DboSource->read(Object(User), Array)
#5 /www/dev/topoftheclass/lib/Cake/Model/Datasource/DboSource.php(575): Model->find('first', Array)
#6 /www/dev/topoftheclass/lib/Cake/Model/Model.php(720): DboSource->query('findByUsername', Array, Object(User))
#7 [internal function]: Model->__call('findByUsername', Array)
#8 /www/dev/topoftheclass/app/Controller/UsersController.php(12): User->findByUsername(NULL)
#9 [internal function]: UsersController->login()
#10 /www/dev/topoftheclass/lib/Cake/Controller/Controller.php(473): ReflectionMethod->invokeArgs(Object(UsersController), Array)
#11 /www/dev/topoftheclass/lib/Cake/Routing/Dispatcher.php(104): Controller->invokeAction(Object(CakeRequest))
#12 /www/dev/topoftheclass/lib/Cake/Routing/Dispatcher.php(86): Dispatcher->_invoke(Object(UsersController), Object(CakeRequest), Object(CakeResponse))
#13 /www/dev/topoftheclass/app/webroot/index.php(96): Dispatcher->dispatch(Object(CakeRequest), Object(CakeResponse))
#14 {main}
2012-03-07 02:46:27 Error: [PDOException] SQLSTATE[42S22]: Column not found: 1054 Unknown column 'User.username' in 'where clause'
#0 /www/dev/topoftheclass/lib/Cake/Model/Datasource/DboSource.php(436): PDOStatement->execute(Array)
#1 /www/dev/topoftheclass/lib/Cake/Model/Datasource/DboSource.php(403): DboSource->_execute('SELECT `User`.`...', Array)
#2 /www/dev/topoftheclass/lib/Cake/Model/Datasource/DboSource.php(647): DboSource->execute('SELECT `User`.`...', Array, Array)
#3 /www/dev/topoftheclass/lib/Cake/Model/Datasource/DboSource.php(1040): DboSource->fetchAll('SELECT `User`.`...', false)
#4 /www/dev/topoftheclass/lib/Cake/Model/Model.php(2483): DboSource->read(Object(User), Array)
#5 /www/dev/topoftheclass/lib/Cake/Model/Datasource/DboSource.php(575): Model->find('first', Array)
#6 /www/dev/topoftheclass/lib/Cake/Model/Model.php(720): DboSource->query('findByUsername', Array, Object(User))
#7 [internal function]: Model->__call('findByUsername', Array)
#8 /www/dev/topoftheclass/app/Controller/UsersController.php(12): User->findByUsername(NULL)
#9 [internal function]: UsersController->login()
#10 /www/dev/topoftheclass/lib/Cake/Controller/Controller.php(473): ReflectionMethod->invokeArgs(Object(UsersController), Array)
#11 /www/dev/topoftheclass/lib/Cake/Routing/Dispatcher.php(104): Controller->invokeAction(Object(CakeRequest))
#12 /www/dev/topoftheclass/lib/Cake/Routing/Dispatcher.php(86): Dispatcher->_invoke(Object(UsersController), Object(CakeRequest), Object(CakeResponse))
#13 /www/dev/topoftheclass/app/webroot/index.php(96): Dispatcher->dispatch(Object(CakeRequest), Object(CakeResponse))
#14 {main}
2012-03-07 02:47:16 Error: [PDOException] SQLSTATE[42S22]: Column not found: 1054 Unknown column 'User.username' in 'where clause'
#0 /www/dev/topoftheclass/lib/Cake/Model/Datasource/DboSource.php(436): PDOStatement->execute(Array)
#1 /www/dev/topoftheclass/lib/Cake/Model/Datasource/DboSource.php(403): DboSource->_execute('SELECT `User`.`...', Array)
#2 /www/dev/topoftheclass/lib/Cake/Model/Datasource/DboSource.php(647): DboSource->execute('SELECT `User`.`...', Array, Array)
#3 /www/dev/topoftheclass/lib/Cake/Model/Datasource/DboSource.php(1040): DboSource->fetchAll('SELECT `User`.`...', false)
#4 /www/dev/topoftheclass/lib/Cake/Model/Model.php(2483): DboSource->read(Object(User), Array)
#5 /www/dev/topoftheclass/lib/Cake/Model/Datasource/DboSource.php(575): Model->find('first', Array)
#6 /www/dev/topoftheclass/lib/Cake/Model/Model.php(720): DboSource->query('findByUsername', Array, Object(User))
#7 [internal function]: Model->__call('findByUsername', Array)
#8 /www/dev/topoftheclass/app/Controller/UsersController.php(12): User->findByUsername(NULL)
#9 [internal function]: UsersController->login()
#10 /www/dev/topoftheclass/lib/Cake/Controller/Controller.php(473): ReflectionMethod->invokeArgs(Object(UsersController), Array)
#11 /www/dev/topoftheclass/lib/Cake/Routing/Dispatcher.php(104): Controller->invokeAction(Object(CakeRequest))
#12 /www/dev/topoftheclass/lib/Cake/Routing/Dispatcher.php(86): Dispatcher->_invoke(Object(UsersController), Object(CakeRequest), Object(CakeResponse))
#13 /www/dev/topoftheclass/app/webroot/index.php(96): Dispatcher->dispatch(Object(CakeRequest), Object(CakeResponse))
#14 {main}
2012-03-07 02:47:45 Error: [PDOException] SQLSTATE[42S22]: Column not found: 1054 Unknown column 'User.username' in 'where clause'
#0 /www/dev/topoftheclass/lib/Cake/Model/Datasource/DboSource.php(436): PDOStatement->execute(Array)
#1 /www/dev/topoftheclass/lib/Cake/Model/Datasource/DboSource.php(403): DboSource->_execute('SELECT `User`.`...', Array)
#2 /www/dev/topoftheclass/lib/Cake/Model/Datasource/DboSource.php(647): DboSource->execute('SELECT `User`.`...', Array, Array)
#3 /www/dev/topoftheclass/lib/Cake/Model/Datasource/DboSource.php(1040): DboSource->fetchAll('SELECT `User`.`...', false)
#4 /www/dev/topoftheclass/lib/Cake/Model/Model.php(2483): DboSource->read(Object(User), Array)
#5 /www/dev/topoftheclass/lib/Cake/Model/Datasource/DboSource.php(575): Model->find('first', Array)
#6 /www/dev/topoftheclass/lib/Cake/Model/Model.php(720): DboSource->query('findByUsername', Array, Object(User))
#7 [internal function]: Model->__call('findByUsername', Array)
#8 /www/dev/topoftheclass/app/Controller/UsersController.php(12): User->findByUsername(NULL)
#9 [internal function]: UsersController->login()
#10 /www/dev/topoftheclass/lib/Cake/Controller/Controller.php(473): ReflectionMethod->invokeArgs(Object(UsersController), Array)
#11 /www/dev/topoftheclass/lib/Cake/Routing/Dispatcher.php(104): Controller->invokeAction(Object(CakeRequest))
#12 /www/dev/topoftheclass/lib/Cake/Routing/Dispatcher.php(86): Dispatcher->_invoke(Object(UsersController), Object(CakeRequest), Object(CakeResponse))
#13 /www/dev/topoftheclass/app/webroot/index.php(96): Dispatcher->dispatch(Object(CakeRequest), Object(CakeResponse))
#14 {main}
2012-03-07 02:49:02 Error: [PDOException] SQLSTATE[42S22]: Column not found: 1054 Unknown column 'User.username' in 'where clause'
#0 /www/dev/topoftheclass/lib/Cake/Model/Datasource/DboSource.php(436): PDOStatement->execute(Array)
#1 /www/dev/topoftheclass/lib/Cake/Model/Datasource/DboSource.php(403): DboSource->_execute('SELECT `User`.`...', Array)
#2 /www/dev/topoftheclass/lib/Cake/Model/Datasource/DboSource.php(647): DboSource->execute('SELECT `User`.`...', Array, Array)
#3 /www/dev/topoftheclass/lib/Cake/Model/Datasource/DboSource.php(1040): DboSource->fetchAll('SELECT `User`.`...', false)
#4 /www/dev/topoftheclass/lib/Cake/Model/Model.php(2483): DboSource->read(Object(User), Array)
#5 /www/dev/topoftheclass/lib/Cake/Model/Datasource/DboSource.php(575): Model->find('first', Array)
#6 /www/dev/topoftheclass/lib/Cake/Model/Model.php(720): DboSource->query('findByUsername', Array, Object(User))
#7 [internal function]: Model->__call('findByUsername', Array)
#8 /www/dev/topoftheclass/app/Controller/UsersController.php(12): User->findByUsername('cjramey')
#9 [internal function]: UsersController->login()
#10 /www/dev/topoftheclass/lib/Cake/Controller/Controller.php(473): ReflectionMethod->invokeArgs(Object(UsersController), Array)
#11 /www/dev/topoftheclass/lib/Cake/Routing/Dispatcher.php(104): Controller->invokeAction(Object(CakeRequest))
#12 /www/dev/topoftheclass/lib/Cake/Routing/Dispatcher.php(86): Dispatcher->_invoke(Object(UsersController), Object(CakeRequest), Object(CakeResponse))
#13 /www/dev/topoftheclass/app/webroot/index.php(96): Dispatcher->dispatch(Object(CakeRequest), Object(CakeResponse))
#14 {main}
2012-03-07 02:49:21 Error: [PDOException] SQLSTATE[42S22]: Column not found: 1054 Unknown column 'User.username' in 'where clause'
#0 /www/dev/topoftheclass/lib/Cake/Model/Datasource/DboSource.php(436): PDOStatement->execute(Array)
#1 /www/dev/topoftheclass/lib/Cake/Model/Datasource/DboSource.php(403): DboSource->_execute('SELECT `User`.`...', Array)
#2 /www/dev/topoftheclass/lib/Cake/Model/Datasource/DboSource.php(647): DboSource->execute('SELECT `User`.`...', Array, Array)
#3 /www/dev/topoftheclass/lib/Cake/Model/Datasource/DboSource.php(1040): DboSource->fetchAll('SELECT `User`.`...', false)
#4 /www/dev/topoftheclass/lib/Cake/Model/Model.php(2483): DboSource->read(Object(User), Array)
#5 /www/dev/topoftheclass/lib/Cake/Model/Datasource/DboSource.php(575): Model->find('first', Array)
#6 /www/dev/topoftheclass/lib/Cake/Model/Model.php(720): DboSource->query('findByUsername', Array, Object(User))
#7 [internal function]: Model->__call('findByUsername', Array)
#8 /www/dev/topoftheclass/app/Controller/UsersController.php(12): User->findByUsername(NULL)
#9 [internal function]: UsersController->login()
#10 /www/dev/topoftheclass/lib/Cake/Controller/Controller.php(473): ReflectionMethod->invokeArgs(Object(UsersController), Array)
#11 /www/dev/topoftheclass/lib/Cake/Routing/Dispatcher.php(104): Controller->invokeAction(Object(CakeRequest))
#12 /www/dev/topoftheclass/lib/Cake/Routing/Dispatcher.php(86): Dispatcher->_invoke(Object(UsersController), Object(CakeRequest), Object(CakeResponse))
#13 /www/dev/topoftheclass/app/webroot/index.php(96): Dispatcher->dispatch(Object(CakeRequest), Object(CakeResponse))
#14 {main}
2012-03-07 02:49:38 Error: [PDOException] SQLSTATE[42S22]: Column not found: 1054 Unknown column 'User.username' in 'where clause'
#0 /www/dev/topoftheclass/lib/Cake/Model/Datasource/DboSource.php(436): PDOStatement->execute(Array)
#1 /www/dev/topoftheclass/lib/Cake/Model/Datasource/DboSource.php(403): DboSource->_execute('SELECT `User`.`...', Array)
#2 /www/dev/topoftheclass/lib/Cake/Model/Datasource/DboSource.php(647): DboSource->execute('SELECT `User`.`...', Array, Array)
#3 /www/dev/topoftheclass/lib/Cake/Model/Datasource/DboSource.php(1040): DboSource->fetchAll('SELECT `User`.`...', false)
#4 /www/dev/topoftheclass/lib/Cake/Model/Model.php(2483): DboSource->read(Object(User), Array)
#5 /www/dev/topoftheclass/lib/Cake/Model/Datasource/DboSource.php(575): Model->find('first', Array)
#6 /www/dev/topoftheclass/lib/Cake/Model/Model.php(720): DboSource->query('findByUsername', Array, Object(User))
#7 [internal function]: Model->__call('findByUsername', Array)
#8 /www/dev/topoftheclass/app/Controller/UsersController.php(12): User->findByUsername('cjramey')
#9 [internal function]: UsersController->login()
#10 /www/dev/topoftheclass/lib/Cake/Controller/Controller.php(473): ReflectionMethod->invokeArgs(Object(UsersController), Array)
#11 /www/dev/topoftheclass/lib/Cake/Routing/Dispatcher.php(104): Controller->invokeAction(Object(CakeRequest))
#12 /www/dev/topoftheclass/lib/Cake/Routing/Dispatcher.php(86): Dispatcher->_invoke(Object(UsersController), Object(CakeRequest), Object(CakeResponse))
#13 /www/dev/topoftheclass/app/webroot/index.php(96): Dispatcher->dispatch(Object(CakeRequest), Object(CakeResponse))
#14 {main}
2012-03-07 02:49:59 Error: [PDOException] SQLSTATE[42S22]: Column not found: 1054 Unknown column 'User.username' in 'where clause'
#0 /www/dev/topoftheclass/lib/Cake/Model/Datasource/DboSource.php(436): PDOStatement->execute(Array)
#1 /www/dev/topoftheclass/lib/Cake/Model/Datasource/DboSource.php(403): DboSource->_execute('SELECT `User`.`...', Array)
#2 /www/dev/topoftheclass/lib/Cake/Model/Datasource/DboSource.php(647): DboSource->execute('SELECT `User`.`...', Array, Array)
#3 /www/dev/topoftheclass/lib/Cake/Model/Datasource/DboSource.php(1040): DboSource->fetchAll('SELECT `User`.`...', false)
#4 /www/dev/topoftheclass/lib/Cake/Model/Model.php(2483): DboSource->read(Object(User), Array)
#5 /www/dev/topoftheclass/lib/Cake/Model/Datasource/DboSource.php(575): Model->find('first', Array)
#6 /www/dev/topoftheclass/lib/Cake/Model/Model.php(720): DboSource->query('findByUsername', Array, Object(User))
#7 [internal function]: Model->__call('findByUsername', Array)
#8 /www/dev/topoftheclass/app/Controller/UsersController.php(12): User->findByUsername('cjramey')
#9 [internal function]: UsersController->login()
#10 /www/dev/topoftheclass/lib/Cake/Controller/Controller.php(473): ReflectionMethod->invokeArgs(Object(UsersController), Array)
#11 /www/dev/topoftheclass/lib/Cake/Routing/Dispatcher.php(104): Controller->invokeAction(Object(CakeRequest))
#12 /www/dev/topoftheclass/lib/Cake/Routing/Dispatcher.php(86): Dispatcher->_invoke(Object(UsersController), Object(CakeRequest), Object(CakeResponse))
#13 /www/dev/topoftheclass/app/webroot/index.php(96): Dispatcher->dispatch(Object(CakeRequest), Object(CakeResponse))
#14 {main}
2012-03-07 02:50:05 Error: [PDOException] SQLSTATE[42S22]: Column not found: 1054 Unknown column 'User.username' in 'where clause'
#0 /www/dev/topoftheclass/lib/Cake/Model/Datasource/DboSource.php(436): PDOStatement->execute(Array)
#1 /www/dev/topoftheclass/lib/Cake/Model/Datasource/DboSource.php(403): DboSource->_execute('SELECT `User`.`...', Array)
#2 /www/dev/topoftheclass/lib/Cake/Model/Datasource/DboSource.php(647): DboSource->execute('SELECT `User`.`...', Array, Array)
#3 /www/dev/topoftheclass/lib/Cake/Model/Datasource/DboSource.php(1040): DboSource->fetchAll('SELECT `User`.`...', false)
#4 /www/dev/topoftheclass/lib/Cake/Model/Model.php(2483): DboSource->read(Object(User), Array)
#5 /www/dev/topoftheclass/lib/Cake/Model/Datasource/DboSource.php(575): Model->find('first', Array)
#6 /www/dev/topoftheclass/lib/Cake/Model/Model.php(720): DboSource->query('findByUsername', Array, Object(User))
#7 [internal function]: Model->__call('findByUsername', Array)
#8 /www/dev/topoftheclass/app/Controller/UsersController.php(12): User->findByUsername('cjramey')
#9 [internal function]: UsersController->login()
#10 /www/dev/topoftheclass/lib/Cake/Controller/Controller.php(473): ReflectionMethod->invokeArgs(Object(UsersController), Array)
#11 /www/dev/topoftheclass/lib/Cake/Routing/Dispatcher.php(104): Controller->invokeAction(Object(CakeRequest))
#12 /www/dev/topoftheclass/lib/Cake/Routing/Dispatcher.php(86): Dispatcher->_invoke(Object(UsersController), Object(CakeRequest), Object(CakeResponse))
#13 /www/dev/topoftheclass/app/webroot/index.php(96): Dispatcher->dispatch(Object(CakeRequest), Object(CakeResponse))
#14 {main}
2012-03-07 02:50:55 Error: [PDOException] SQLSTATE[42S22]: Column not found: 1054 Unknown column 'User.username' in 'where clause'
#0 /www/dev/topoftheclass/lib/Cake/Model/Datasource/DboSource.php(436): PDOStatement->execute(Array)
#1 /www/dev/topoftheclass/lib/Cake/Model/Datasource/DboSource.php(403): DboSource->_execute('SELECT `User`.`...', Array)
#2 /www/dev/topoftheclass/lib/Cake/Model/Datasource/DboSource.php(647): DboSource->execute('SELECT `User`.`...', Array, Array)
#3 /www/dev/topoftheclass/lib/Cake/Model/Datasource/DboSource.php(1040): DboSource->fetchAll('SELECT `User`.`...', false)
#4 /www/dev/topoftheclass/lib/Cake/Model/Model.php(2483): DboSource->read(Object(User), Array)
#5 /www/dev/topoftheclass/lib/Cake/Model/Datasource/DboSource.php(575): Model->find('first', Array)
#6 /www/dev/topoftheclass/lib/Cake/Model/Model.php(720): DboSource->query('findByUsername', Array, Object(User))
#7 [internal function]: Model->__call('findByUsername', Array)
#8 /www/dev/topoftheclass/app/Controller/UsersController.php(12): User->findByUsername('cjramey')
#9 [internal function]: UsersController->login()
#10 /www/dev/topoftheclass/lib/Cake/Controller/Controller.php(473): ReflectionMethod->invokeArgs(Object(UsersController), Array)
#11 /www/dev/topoftheclass/lib/Cake/Routing/Dispatcher.php(104): Controller->invokeAction(Object(CakeRequest))
#12 /www/dev/topoftheclass/lib/Cake/Routing/Dispatcher.php(86): Dispatcher->_invoke(Object(UsersController), Object(CakeRequest), Object(CakeResponse))
#13 /www/dev/topoftheclass/app/webroot/index.php(96): Dispatcher->dispatch(Object(CakeRequest), Object(CakeResponse))
#14 {main}
2012-03-07 02:58:15 Error: [PDOException] SQLSTATE[42S22]: Column not found: 1054 Unknown column 'User.username' in 'where clause'
#0 /www/dev/topoftheclass/lib/Cake/Model/Datasource/DboSource.php(436): PDOStatement->execute(Array)
#1 /www/dev/topoftheclass/lib/Cake/Model/Datasource/DboSource.php(403): DboSource->_execute('SELECT `User`.`...', Array)
#2 /www/dev/topoftheclass/lib/Cake/Model/Datasource/DboSource.php(647): DboSource->execute('SELECT `User`.`...', Array, Array)
#3 /www/dev/topoftheclass/lib/Cake/Model/Datasource/DboSource.php(1040): DboSource->fetchAll('SELECT `User`.`...', false)
#4 /www/dev/topoftheclass/lib/Cake/Model/Model.php(2483): DboSource->read(Object(User), Array)
#5 /www/dev/topoftheclass/lib/Cake/Model/Datasource/DboSource.php(575): Model->find('first', Array)
#6 /www/dev/topoftheclass/lib/Cake/Model/Model.php(720): DboSource->query('findByUsername', Array, Object(User))
#7 [internal function]: Model->__call('findByUsername', Array)
#8 /www/dev/topoftheclass/app/Controller/UsersController.php(12): User->findByUsername(NULL)
#9 [internal function]: UsersController->login()
#10 /www/dev/topoftheclass/lib/Cake/Controller/Controller.php(473): ReflectionMethod->invokeArgs(Object(UsersController), Array)
#11 /www/dev/topoftheclass/lib/Cake/Routing/Dispatcher.php(104): Controller->invokeAction(Object(CakeRequest))
#12 /www/dev/topoftheclass/lib/Cake/Routing/Dispatcher.php(86): Dispatcher->_invoke(Object(UsersController), Object(CakeRequest), Object(CakeResponse))
#13 /www/dev/topoftheclass/app/webroot/index.php(96): Dispatcher->dispatch(Object(CakeRequest), Object(CakeResponse))
#14 {main}
2012-03-07 03:05:08 Error: [PDOException] SQLSTATE[42S22]: Column not found: 1054 Unknown column 'User.username' in 'where clause'
#0 /www/dev/topoftheclass/lib/Cake/Model/Datasource/DboSource.php(436): PDOStatement->execute(Array)
#1 /www/dev/topoftheclass/lib/Cake/Model/Datasource/DboSource.php(403): DboSource->_execute('SELECT `User`.`...', Array)
#2 /www/dev/topoftheclass/lib/Cake/Model/Datasource/DboSource.php(647): DboSource->execute('SELECT `User`.`...', Array, Array)
#3 /www/dev/topoftheclass/lib/Cake/Model/Datasource/DboSource.php(1040): DboSource->fetchAll('SELECT `User`.`...', false)
#4 /www/dev/topoftheclass/lib/Cake/Model/Model.php(2483): DboSource->read(Object(User), Array)
#5 /www/dev/topoftheclass/lib/Cake/Model/Datasource/DboSource.php(575): Model->find('first', Array)
#6 /www/dev/topoftheclass/lib/Cake/Model/Model.php(720): DboSource->query('findByUsername', Array, Object(User))
#7 [internal function]: Model->__call('findByUsername', Array)
#8 /www/dev/topoftheclass/app/Controller/UsersController.php(12): User->findByUsername('cjramey')
#9 [internal function]: UsersController->login()
#10 /www/dev/topoftheclass/lib/Cake/Controller/Controller.php(473): ReflectionMethod->invokeArgs(Object(UsersController), Array)
#11 /www/dev/topoftheclass/lib/Cake/Routing/Dispatcher.php(104): Controller->invokeAction(Object(CakeRequest))
#12 /www/dev/topoftheclass/lib/Cake/Routing/Dispatcher.php(86): Dispatcher->_invoke(Object(UsersController), Object(CakeRequest), Object(CakeResponse))
#13 /www/dev/topoftheclass/app/webroot/index.php(96): Dispatcher->dispatch(Object(CakeRequest), Object(CakeResponse))
#14 {main}
2012-03-07 03:06:02 Error: [PDOException] SQLSTATE[42S22]: Column not found: 1054 Unknown column 'User.username' in 'where clause'
#0 /www/dev/topoftheclass/lib/Cake/Model/Datasource/DboSource.php(436): PDOStatement->execute(Array)
#1 /www/dev/topoftheclass/lib/Cake/Model/Datasource/DboSource.php(403): DboSource->_execute('SELECT `User`.`...', Array)
#2 /www/dev/topoftheclass/lib/Cake/Model/Datasource/DboSource.php(647): DboSource->execute('SELECT `User`.`...', Array, Array)
#3 /www/dev/topoftheclass/lib/Cake/Model/Datasource/DboSource.php(1040): DboSource->fetchAll('SELECT `User`.`...', false)
#4 /www/dev/topoftheclass/lib/Cake/Model/Model.php(2483): DboSource->read(Object(User), Array)
#5 /www/dev/topoftheclass/lib/Cake/Model/Datasource/DboSource.php(575): Model->find('first', Array)
#6 /www/dev/topoftheclass/lib/Cake/Model/Model.php(720): DboSource->query('findByUsername', Array, Object(User))
#7 [internal function]: Model->__call('findByUsername', Array)
#8 /www/dev/topoftheclass/app/Controller/UsersController.php(12): User->findByUsername(NULL)
#9 [internal function]: UsersController->login()
#10 /www/dev/topoftheclass/lib/Cake/Controller/Controller.php(473): ReflectionMethod->invokeArgs(Object(UsersController), Array)
#11 /www/dev/topoftheclass/lib/Cake/Routing/Dispatcher.php(104): Controller->invokeAction(Object(CakeRequest))
#12 /www/dev/topoftheclass/lib/Cake/Routing/Dispatcher.php(86): Dispatcher->_invoke(Object(UsersController), Object(CakeRequest), Object(CakeResponse))
#13 /www/dev/topoftheclass/app/webroot/index.php(96): Dispatcher->dispatch(Object(CakeRequest), Object(CakeResponse))
#14 {main}
2012-03-07 03:07:27 Error: [PDOException] SQLSTATE[42S22]: Column not found: 1054 Unknown column 'User.username' in 'where clause'
#0 /www/dev/topoftheclass/lib/Cake/Model/Datasource/DboSource.php(436): PDOStatement->execute(Array)
#1 /www/dev/topoftheclass/lib/Cake/Model/Datasource/DboSource.php(403): DboSource->_execute('SELECT `User`.`...', Array)
#2 /www/dev/topoftheclass/lib/Cake/Model/Datasource/DboSource.php(647): DboSource->execute('SELECT `User`.`...', Array, Array)
#3 /www/dev/topoftheclass/lib/Cake/Model/Datasource/DboSource.php(1040): DboSource->fetchAll('SELECT `User`.`...', false)
#4 /www/dev/topoftheclass/lib/Cake/Model/Model.php(2483): DboSource->read(Object(User), Array)
#5 /www/dev/topoftheclass/lib/Cake/Model/Datasource/DboSource.php(575): Model->find('first', Array)
#6 /www/dev/topoftheclass/lib/Cake/Model/Model.php(720): DboSource->query('findByUsername', Array, Object(User))
#7 [internal function]: Model->__call('findByUsername', Array)
#8 /www/dev/topoftheclass/app/Controller/UsersController.php(12): User->findByUsername('cjramey')
#9 [internal function]: UsersController->login()
#10 /www/dev/topoftheclass/lib/Cake/Controller/Controller.php(473): ReflectionMethod->invokeArgs(Object(UsersController), Array)
#11 /www/dev/topoftheclass/lib/Cake/Routing/Dispatcher.php(104): Controller->invokeAction(Object(CakeRequest))
#12 /www/dev/topoftheclass/lib/Cake/Routing/Dispatcher.php(86): Dispatcher->_invoke(Object(UsersController), Object(CakeRequest), Object(CakeResponse))
#13 /www/dev/topoftheclass/app/webroot/index.php(96): Dispatcher->dispatch(Object(CakeRequest), Object(CakeResponse))
#14 {main}
2012-03-07 03:08:58 Error: [PDOException] SQLSTATE[42S22]: Column not found: 1054 Unknown column 'User.username' in 'where clause'
#0 /www/dev/topoftheclass/lib/Cake/Model/Datasource/DboSource.php(436): PDOStatement->execute(Array)
#1 /www/dev/topoftheclass/lib/Cake/Model/Datasource/DboSource.php(403): DboSource->_execute('SELECT `User`.`...', Array)
#2 /www/dev/topoftheclass/lib/Cake/Model/Datasource/DboSource.php(647): DboSource->execute('SELECT `User`.`...', Array, Array)
#3 /www/dev/topoftheclass/lib/Cake/Model/Datasource/DboSource.php(1040): DboSource->fetchAll('SELECT `User`.`...', false)
#4 /www/dev/topoftheclass/lib/Cake/Model/Model.php(2483): DboSource->read(Object(User), Array)
#5 /www/dev/topoftheclass/lib/Cake/Model/Datasource/DboSource.php(575): Model->find('first', Array)
#6 /www/dev/topoftheclass/lib/Cake/Model/Model.php(720): DboSource->query('findByUsername', Array, Object(User))
#7 [internal function]: Model->__call('findByUsername', Array)
#8 /www/dev/topoftheclass/app/Controller/UsersController.php(12): User->findByUsername(NULL)
#9 [internal function]: UsersController->login()
#10 /www/dev/topoftheclass/lib/Cake/Controller/Controller.php(473): ReflectionMethod->invokeArgs(Object(UsersController), Array)
#11 /www/dev/topoftheclass/lib/Cake/Routing/Dispatcher.php(104): Controller->invokeAction(Object(CakeRequest))
#12 /www/dev/topoftheclass/lib/Cake/Routing/Dispatcher.php(86): Dispatcher->_invoke(Object(UsersController), Object(CakeRequest), Object(CakeResponse))
#13 /www/dev/topoftheclass/app/webroot/index.php(96): Dispatcher->dispatch(Object(CakeRequest), Object(CakeResponse))
#14 {main}
2012-03-07 03:09:26 Error: [PDOException] SQLSTATE[42S22]: Column not found: 1054 Unknown column 'User.username' in 'where clause'
#0 /www/dev/topoftheclass/lib/Cake/Model/Datasource/DboSource.php(436): PDOStatement->execute(Array)
#1 /www/dev/topoftheclass/lib/Cake/Model/Datasource/DboSource.php(403): DboSource->_execute('SELECT `User`.`...', Array)
#2 /www/dev/topoftheclass/lib/Cake/Model/Datasource/DboSource.php(647): DboSource->execute('SELECT `User`.`...', Array, Array)
#3 /www/dev/topoftheclass/lib/Cake/Model/Datasource/DboSource.php(1040): DboSource->fetchAll('SELECT `User`.`...', false)
#4 /www/dev/topoftheclass/lib/Cake/Model/Model.php(2483): DboSource->read(Object(User), Array)
#5 /www/dev/topoftheclass/lib/Cake/Model/Datasource/DboSource.php(575): Model->find('first', Array)
#6 /www/dev/topoftheclass/lib/Cake/Model/Model.php(720): DboSource->query('findByUsername', Array, Object(User))
#7 [internal function]: Model->__call('findByUsername', Array)
#8 /www/dev/topoftheclass/app/Controller/UsersController.php(12): User->findByUsername(NULL)
#9 [internal function]: UsersController->login()
#10 /www/dev/topoftheclass/lib/Cake/Controller/Controller.php(473): ReflectionMethod->invokeArgs(Object(UsersController), Array)
#11 /www/dev/topoftheclass/lib/Cake/Routing/Dispatcher.php(104): Controller->invokeAction(Object(CakeRequest))
#12 /www/dev/topoftheclass/lib/Cake/Routing/Dispatcher.php(86): Dispatcher->_invoke(Object(UsersController), Object(CakeRequest), Object(CakeResponse))
#13 /www/dev/topoftheclass/app/webroot/index.php(96): Dispatcher->dispatch(Object(CakeRequest), Object(CakeResponse))
#14 {main}
2012-03-07 03:09:56 Error: [PDOException] SQLSTATE[42S22]: Column not found: 1054 Unknown column 'User.username' in 'where clause'
#0 /www/dev/topoftheclass/lib/Cake/Model/Datasource/DboSource.php(436): PDOStatement->execute(Array)
#1 /www/dev/topoftheclass/lib/Cake/Model/Datasource/DboSource.php(403): DboSource->_execute('SELECT `User`.`...', Array)
#2 /www/dev/topoftheclass/lib/Cake/Model/Datasource/DboSource.php(647): DboSource->execute('SELECT `User`.`...', Array, Array)
#3 /www/dev/topoftheclass/lib/Cake/Model/Datasource/DboSource.php(1040): DboSource->fetchAll('SELECT `User`.`...', false)
#4 /www/dev/topoftheclass/lib/Cake/Model/Model.php(2483): DboSource->read(Object(User), Array)
#5 /www/dev/topoftheclass/lib/Cake/Model/Datasource/DboSource.php(575): Model->find('first', Array)
#6 /www/dev/topoftheclass/lib/Cake/Model/Model.php(720): DboSource->query('findByUsername', Array, Object(User))
#7 [internal function]: Model->__call('findByUsername', Array)
#8 /www/dev/topoftheclass/app/Controller/UsersController.php(12): User->findByUsername(NULL)
#9 [internal function]: UsersController->login()
#10 /www/dev/topoftheclass/lib/Cake/Controller/Controller.php(473): ReflectionMethod->invokeArgs(Object(UsersController), Array)
#11 /www/dev/topoftheclass/lib/Cake/Routing/Dispatcher.php(104): Controller->invokeAction(Object(CakeRequest))
#12 /www/dev/topoftheclass/lib/Cake/Routing/Dispatcher.php(86): Dispatcher->_invoke(Object(UsersController), Object(CakeRequest), Object(CakeResponse))
#13 /www/dev/topoftheclass/app/webroot/index.php(96): Dispatcher->dispatch(Object(CakeRequest), Object(CakeResponse))
#14 {main}
2012-03-07 03:10:39 Error: [PDOException] SQLSTATE[42S22]: Column not found: 1054 Unknown column 'User.username' in 'where clause'
#0 /www/dev/topoftheclass/lib/Cake/Model/Datasource/DboSource.php(436): PDOStatement->execute(Array)
#1 /www/dev/topoftheclass/lib/Cake/Model/Datasource/DboSource.php(403): DboSource->_execute('SELECT `User`.`...', Array)
#2 /www/dev/topoftheclass/lib/Cake/Model/Datasource/DboSource.php(647): DboSource->execute('SELECT `User`.`...', Array, Array)
#3 /www/dev/topoftheclass/lib/Cake/Model/Datasource/DboSource.php(1040): DboSource->fetchAll('SELECT `User`.`...', false)
#4 /www/dev/topoftheclass/lib/Cake/Model/Model.php(2483): DboSource->read(Object(User), Array)
#5 /www/dev/topoftheclass/lib/Cake/Model/Datasource/DboSource.php(575): Model->find('first', Array)
#6 /www/dev/topoftheclass/lib/Cake/Model/Model.php(720): DboSource->query('findByUsername', Array, Object(User))
#7 [internal function]: Model->__call('findByUsername', Array)
#8 /www/dev/topoftheclass/app/Controller/UsersController.php(12): User->findByUsername(NULL)
#9 [internal function]: UsersController->login()
#10 /www/dev/topoftheclass/lib/Cake/Controller/Controller.php(473): ReflectionMethod->invokeArgs(Object(UsersController), Array)
#11 /www/dev/topoftheclass/lib/Cake/Routing/Dispatcher.php(104): Controller->invokeAction(Object(CakeRequest))
#12 /www/dev/topoftheclass/lib/Cake/Routing/Dispatcher.php(86): Dispatcher->_invoke(Object(UsersController), Object(CakeRequest), Object(CakeResponse))
#13 /www/dev/topoftheclass/app/webroot/index.php(96): Dispatcher->dispatch(Object(CakeRequest), Object(CakeResponse))
#14 {main}
2012-03-07 03:11:41 Error: [PDOException] SQLSTATE[42S22]: Column not found: 1054 Unknown column 'User.username' in 'where clause'
#0 /www/dev/topoftheclass/lib/Cake/Model/Datasource/DboSource.php(436): PDOStatement->execute(Array)
#1 /www/dev/topoftheclass/lib/Cake/Model/Datasource/DboSource.php(403): DboSource->_execute('SELECT `User`.`...', Array)
#2 /www/dev/topoftheclass/lib/Cake/Model/Datasource/DboSource.php(647): DboSource->execute('SELECT `User`.`...', Array, Array)
#3 /www/dev/topoftheclass/lib/Cake/Model/Datasource/DboSource.php(1040): DboSource->fetchAll('SELECT `User`.`...', false)
#4 /www/dev/topoftheclass/lib/Cake/Model/Model.php(2483): DboSource->read(Object(User), Array)
#5 /www/dev/topoftheclass/lib/Cake/Model/Datasource/DboSource.php(575): Model->find('first', Array)
#6 /www/dev/topoftheclass/lib/Cake/Model/Model.php(720): DboSource->query('findByUsername', Array, Object(User))
#7 [internal function]: Model->__call('findByUsername', Array)
#8 /www/dev/topoftheclass/app/Controller/UsersController.php(12): User->findByUsername('cjramey')
#9 [internal function]: UsersController->login()
#10 /www/dev/topoftheclass/lib/Cake/Controller/Controller.php(473): ReflectionMethod->invokeArgs(Object(UsersController), Array)
#11 /www/dev/topoftheclass/lib/Cake/Routing/Dispatcher.php(104): Controller->invokeAction(Object(CakeRequest))
#12 /www/dev/topoftheclass/lib/Cake/Routing/Dispatcher.php(86): Dispatcher->_invoke(Object(UsersController), Object(CakeRequest), Object(CakeResponse))
#13 /www/dev/topoftheclass/app/webroot/index.php(96): Dispatcher->dispatch(Object(CakeRequest), Object(CakeResponse))
#14 {main}
2012-03-07 03:14:11 Error: [PDOException] SQLSTATE[42S22]: Column not found: 1054 Unknown column 'User.username' in 'where clause'
#0 /www/dev/topoftheclass/lib/Cake/Model/Datasource/DboSource.php(436): PDOStatement->execute(Array)
#1 /www/dev/topoftheclass/lib/Cake/Model/Datasource/DboSource.php(403): DboSource->_execute('SELECT `User`.`...', Array)
#2 /www/dev/topoftheclass/lib/Cake/Model/Datasource/DboSource.php(647): DboSource->execute('SELECT `User`.`...', Array, Array)
#3 /www/dev/topoftheclass/lib/Cake/Model/Datasource/DboSource.php(1040): DboSource->fetchAll('SELECT `User`.`...', false)
#4 /www/dev/topoftheclass/lib/Cake/Model/Model.php(2483): DboSource->read(Object(User), Array)
#5 /www/dev/topoftheclass/lib/Cake/Model/Datasource/DboSource.php(575): Model->find('first', Array)
#6 /www/dev/topoftheclass/lib/Cake/Model/Model.php(720): DboSource->query('findByUsername', Array, Object(User))
#7 [internal function]: Model->__call('findByUsername', Array)
#8 /www/dev/topoftheclass/app/Controller/UsersController.php(12): User->findByUsername(NULL)
#9 [internal function]: UsersController->login()
#10 /www/dev/topoftheclass/lib/Cake/Controller/Controller.php(473): ReflectionMethod->invokeArgs(Object(UsersController), Array)
#11 /www/dev/topoftheclass/lib/Cake/Routing/Dispatcher.php(104): Controller->invokeAction(Object(CakeRequest))
#12 /www/dev/topoftheclass/lib/Cake/Routing/Dispatcher.php(86): Dispatcher->_invoke(Object(UsersController), Object(CakeRequest), Object(CakeResponse))
#13 /www/dev/topoftheclass/app/webroot/index.php(96): Dispatcher->dispatch(Object(CakeRequest), Object(CakeResponse))
#14 {main}
2012-03-07 03:14:21 Error: [PDOException] SQLSTATE[42S22]: Column not found: 1054 Unknown column 'User.username' in 'where clause'
#0 /www/dev/topoftheclass/lib/Cake/Model/Datasource/DboSource.php(436): PDOStatement->execute(Array)
#1 /www/dev/topoftheclass/lib/Cake/Model/Datasource/DboSource.php(403): DboSource->_execute('SELECT `User`.`...', Array)
#2 /www/dev/topoftheclass/lib/Cake/Model/Datasource/DboSource.php(647): DboSource->execute('SELECT `User`.`...', Array, Array)
#3 /www/dev/topoftheclass/lib/Cake/Model/Datasource/DboSource.php(1040): DboSource->fetchAll('SELECT `User`.`...', false)
#4 /www/dev/topoftheclass/lib/Cake/Model/Model.php(2483): DboSource->read(Object(User), Array)
#5 /www/dev/topoftheclass/lib/Cake/Model/Datasource/DboSource.php(575): Model->find('first', Array)
#6 /www/dev/topoftheclass/lib/Cake/Model/Model.php(720): DboSource->query('findByUsername', Array, Object(User))
#7 [internal function]: Model->__call('findByUsername', Array)
#8 /www/dev/topoftheclass/app/Controller/UsersController.php(12): User->findByUsername('cjramey')
#9 [internal function]: UsersController->login()
#10 /www/dev/topoftheclass/lib/Cake/Controller/Controller.php(473): ReflectionMethod->invokeArgs(Object(UsersController), Array)
#11 /www/dev/topoftheclass/lib/Cake/Routing/Dispatcher.php(104): Controller->invokeAction(Object(CakeRequest))
#12 /www/dev/topoftheclass/lib/Cake/Routing/Dispatcher.php(86): Dispatcher->_invoke(Object(UsersController), Object(CakeRequest), Object(CakeResponse))
#13 /www/dev/topoftheclass/app/webroot/index.php(96): Dispatcher->dispatch(Object(CakeRequest), Object(CakeResponse))
#14 {main}
2012-03-07 03:21:05 Error: [PDOException] SQLSTATE[42S22]: Column not found: 1054 Unknown column 'User.username' in 'where clause'
#0 /www/dev/topoftheclass/lib/Cake/Model/Datasource/DboSource.php(436): PDOStatement->execute(Array)
#1 /www/dev/topoftheclass/lib/Cake/Model/Datasource/DboSource.php(403): DboSource->_execute('SELECT `User`.`...', Array)
#2 /www/dev/topoftheclass/lib/Cake/Model/Datasource/DboSource.php(647): DboSource->execute('SELECT `User`.`...', Array, Array)
#3 /www/dev/topoftheclass/lib/Cake/Model/Datasource/DboSource.php(1040): DboSource->fetchAll('SELECT `User`.`...', false)
#4 /www/dev/topoftheclass/lib/Cake/Model/Model.php(2483): DboSource->read(Object(User), Array)
#5 /www/dev/topoftheclass/lib/Cake/Model/Datasource/DboSource.php(575): Model->find('first', Array)
#6 /www/dev/topoftheclass/lib/Cake/Model/Model.php(720): DboSource->query('findByUsername', Array, Object(User))
#7 [internal function]: Model->__call('findByUsername', Array)
#8 /www/dev/topoftheclass/app/Controller/UsersController.php(12): User->findByUsername('cjramey')
#9 [internal function]: UsersController->login()
#10 /www/dev/topoftheclass/lib/Cake/Controller/Controller.php(473): ReflectionMethod->invokeArgs(Object(UsersController), Array)
#11 /www/dev/topoftheclass/lib/Cake/Routing/Dispatcher.php(104): Controller->invokeAction(Object(CakeRequest))
#12 /www/dev/topoftheclass/lib/Cake/Routing/Dispatcher.php(86): Dispatcher->_invoke(Object(UsersController), Object(CakeRequest), Object(CakeResponse))
#13 /www/dev/topoftheclass/app/webroot/index.php(96): Dispatcher->dispatch(Object(CakeRequest), Object(CakeResponse))
#14 {main}
2012-03-07 03:28:38 Error: [PDOException] SQLSTATE[42S22]: Column not found: 1054 Unknown column 'User.username' in 'where clause'
#0 /www/dev/topoftheclass/lib/Cake/Model/Datasource/DboSource.php(436): PDOStatement->execute(Array)
#1 /www/dev/topoftheclass/lib/Cake/Model/Datasource/DboSource.php(403): DboSource->_execute('SELECT `User`.`...', Array)
#2 /www/dev/topoftheclass/lib/Cake/Model/Datasource/DboSource.php(647): DboSource->execute('SELECT `User`.`...', Array, Array)
#3 /www/dev/topoftheclass/lib/Cake/Model/Datasource/DboSource.php(1040): DboSource->fetchAll('SELECT `User`.`...', false)
#4 /www/dev/topoftheclass/lib/Cake/Model/Model.php(2483): DboSource->read(Object(User), Array)
#5 /www/dev/topoftheclass/lib/Cake/Model/Datasource/DboSource.php(575): Model->find('first', Array)
#6 /www/dev/topoftheclass/lib/Cake/Model/Model.php(720): DboSource->query('findByUsername', Array, Object(User))
#7 [internal function]: Model->__call('findByUsername', Array)
#8 /www/dev/topoftheclass/app/Controller/UsersController.php(12): User->findByUsername('cjramey')
#9 [internal function]: UsersController->login()
#10 /www/dev/topoftheclass/lib/Cake/Controller/Controller.php(473): ReflectionMethod->invokeArgs(Object(UsersController), Array)
#11 /www/dev/topoftheclass/lib/Cake/Routing/Dispatcher.php(104): Controller->invokeAction(Object(CakeRequest))
#12 /www/dev/topoftheclass/lib/Cake/Routing/Dispatcher.php(86): Dispatcher->_invoke(Object(UsersController), Object(CakeRequest), Object(CakeResponse))
#13 /www/dev/topoftheclass/app/webroot/index.php(96): Dispatcher->dispatch(Object(CakeRequest), Object(CakeResponse))
#14 {main}
2012-04-01 16:42:31 Error: [MissingControllerException] Controller class LoginController could not be found.
#0 /www/dev/topoftheclass/app/webroot/index.php(96): Dispatcher->dispatch(Object(CakeRequest), Object(CakeResponse))
#1 {main}
2012-04-01 16:43:59 Error: [PDOException] SQLSTATE[23000]: Integrity constraint violation: 1062 Duplicate entry '0' for key 'PRIMARY'
#0 /www/dev/topoftheclass/lib/Cake/Model/Datasource/DboSource.php(436): PDOStatement->execute(Array)
#1 /www/dev/topoftheclass/lib/Cake/Model/Datasource/DboSource.php(403): DboSource->_execute('INSERT INTO `ru...', Array)
#2 /www/dev/topoftheclass/lib/Cake/Model/Datasource/DboSource.php(967): DboSource->execute('INSERT INTO `ru...')
#3 /www/dev/topoftheclass/lib/Cake/Model/Model.php(1646): DboSource->create(Object(Rubric), Array, Array)
#4 /www/dev/topoftheclass/app/Controller/RubricsController.php(43): Model->save(Array)
#5 [internal function]: RubricsController->add()
#6 /www/dev/topoftheclass/lib/Cake/Controller/Controller.php(473): ReflectionMethod->invokeArgs(Object(RubricsController), Array)
#7 /www/dev/topoftheclass/lib/Cake/Routing/Dispatcher.php(104): Controller->invokeAction(Object(CakeRequest))
#8 /www/dev/topoftheclass/lib/Cake/Routing/Dispatcher.php(86): Dispatcher->_invoke(Object(RubricsController), Object(CakeRequest), Object(CakeResponse))
#9 /www/dev/topoftheclass/app/webroot/index.php(96): Dispatcher->dispatch(Object(CakeRequest), Object(CakeResponse))
#10 {main}
2012-04-01 17:45:38 Error: [PDOException] SQLSTATE[42S22]: Column not found: 1054 Unknown column 'Criterions.order' in 'order clause'
#0 /www/dev/topoftheclass/lib/Cake/Model/Datasource/DboSource.php(436): PDOStatement->execute(Array)
#1 /www/dev/topoftheclass/lib/Cake/Model/Datasource/DboSource.php(403): DboSource->_execute('SELECT `Criteri...', Array)
#2 /www/dev/topoftheclass/lib/Cake/Model/Datasource/DboSource.php(647): DboSource->execute('SELECT `Criteri...', Array, Array)
#3 /www/dev/topoftheclass/lib/Cake/Model/Datasource/DboSource.php(1282): DboSource->fetchAll('SELECT `Criteri...', false)
#4 /www/dev/topoftheclass/lib/Cake/Model/Datasource/DboSource.php(1150): DboSource->fetchAssociated(Object(Rubric), 'SELECT `Criteri...', Array)
#5 /www/dev/topoftheclass/lib/Cake/Model/Datasource/DboSource.php(1069): DboSource->queryAssociation(Object(Rubric), Object(Criterion), 'hasMany', 'Criterion', Array, Array, true, Array, 0, Array)
#6 /www/dev/topoftheclass/lib/Cake/Model/Model.php(2483): DboSource->read(Object(Rubric), Array)
#7 /www/dev/topoftheclass/lib/Cake/Model/Model.php(1436): Model->find('first', Array)
#8 /www/dev/topoftheclass/app/Controller/RubricsController.php(32): Model->read(NULL, '1')
#9 [internal function]: RubricsController->view('1')
#10 /www/dev/topoftheclass/lib/Cake/Controller/Controller.php(473): ReflectionMethod->invokeArgs(Object(RubricsController), Array)
#11 /www/dev/topoftheclass/lib/Cake/Routing/Dispatcher.php(104): Controller->invokeAction(Object(CakeRequest))
#12 /www/dev/topoftheclass/lib/Cake/Routing/Dispatcher.php(86): Dispatcher->_invoke(Object(RubricsController), Object(CakeRequest), Object(CakeResponse))
#13 /www/dev/topoftheclass/app/webroot/index.php(96): Dispatcher->dispatch(Object(CakeRequest), Object(CakeResponse))
#14 {main}
2012-04-01 17:45:50 Error: [PDOException] SQLSTATE[42S22]: Column not found: 1054 Unknown column 'Criterion.order' in 'order clause'
#0 /www/dev/topoftheclass/lib/Cake/Model/Datasource/DboSource.php(436): PDOStatement->execute(Array)
#1 /www/dev/topoftheclass/lib/Cake/Model/Datasource/DboSource.php(403): DboSource->_execute('SELECT `Criteri...', Array)
#2 /www/dev/topoftheclass/lib/Cake/Model/Datasource/DboSource.php(647): DboSource->execute('SELECT `Criteri...', Array, Array)
#3 /www/dev/topoftheclass/lib/Cake/Model/Datasource/DboSource.php(1282): DboSource->fetchAll('SELECT `Criteri...', false)
#4 /www/dev/topoftheclass/lib/Cake/Model/Datasource/DboSource.php(1150): DboSource->fetchAssociated(Object(Rubric), 'SELECT `Criteri...', Array)
#5 /www/dev/topoftheclass/lib/Cake/Model/Datasource/DboSource.php(1069): DboSource->queryAssociation(Object(Rubric), Object(Criterion), 'hasMany', 'Criterion', Array, Array, true, Array, 0, Array)
#6 /www/dev/topoftheclass/lib/Cake/Model/Model.php(2483): DboSource->read(Object(Rubric), Array)
#7 /www/dev/topoftheclass/lib/Cake/Model/Model.php(1436): Model->find('first', Array)
#8 /www/dev/topoftheclass/app/Controller/RubricsController.php(32): Model->read(NULL, '1')
#9 [internal function]: RubricsController->view('1')
#10 /www/dev/topoftheclass/lib/Cake/Controller/Controller.php(473): ReflectionMethod->invokeArgs(Object(RubricsController), Array)
#11 /www/dev/topoftheclass/lib/Cake/Routing/Dispatcher.php(104): Controller->invokeAction(Object(CakeRequest))
#12 /www/dev/topoftheclass/lib/Cake/Routing/Dispatcher.php(86): Dispatcher->_invoke(Object(RubricsController), Object(CakeRequest), Object(CakeResponse))
#13 /www/dev/topoftheclass/app/webroot/index.php(96): Dispatcher->dispatch(Object(CakeRequest), Object(CakeResponse))
#14 {main}
2012-04-01 17:46:09 Error: [PDOException] SQLSTATE[42S22]: Column not found: 1054 Unknown column 'Criterions.criterion_order' in 'order clause'
#0 /www/dev/topoftheclass/lib/Cake/Model/Datasource/DboSource.php(436): PDOStatement->execute(Array)
#1 /www/dev/topoftheclass/lib/Cake/Model/Datasource/DboSource.php(403): DboSource->_execute('SELECT `Criteri...', Array)
#2 /www/dev/topoftheclass/lib/Cake/Model/Datasource/DboSource.php(647): DboSource->execute('SELECT `Criteri...', Array, Array)
#3 /www/dev/topoftheclass/lib/Cake/Model/Datasource/DboSource.php(1282): DboSource->fetchAll('SELECT `Criteri...', false)
#4 /www/dev/topoftheclass/lib/Cake/Model/Datasource/DboSource.php(1150): DboSource->fetchAssociated(Object(Rubric), 'SELECT `Criteri...', Array)
#5 /www/dev/topoftheclass/lib/Cake/Model/Datasource/DboSource.php(1069): DboSource->queryAssociation(Object(Rubric), Object(Criterion), 'hasMany', 'Criterion', Array, Array, true, Array, 0, Array)
#6 /www/dev/topoftheclass/lib/Cake/Model/Model.php(2483): DboSource->read(Object(Rubric), Array)
#7 /www/dev/topoftheclass/lib/Cake/Model/Model.php(1436): Model->find('first', Array)
#8 /www/dev/topoftheclass/app/Controller/RubricsController.php(32): Model->read(NULL, '1')
#9 [internal function]: RubricsController->view('1')
#10 /www/dev/topoftheclass/lib/Cake/Controller/Controller.php(473): ReflectionMethod->invokeArgs(Object(RubricsController), Array)
#11 /www/dev/topoftheclass/lib/Cake/Routing/Dispatcher.php(104): Controller->invokeAction(Object(CakeRequest))
#12 /www/dev/topoftheclass/lib/Cake/Routing/Dispatcher.php(86): Dispatcher->_invoke(Object(RubricsController), Object(CakeRequest), Object(CakeResponse))
#13 /www/dev/topoftheclass/app/webroot/index.php(96): Dispatcher->dispatch(Object(CakeRequest), Object(CakeResponse))
#14 {main}
2012-04-01 17:47:23 Error: [PDOException] SQLSTATE[42S22]: Column not found: 1054 Unknown column 'Criterions.criterion_order' in 'order clause'
#0 /www/dev/topoftheclass/lib/Cake/Model/Datasource/DboSource.php(436): PDOStatement->execute(Array)
#1 /www/dev/topoftheclass/lib/Cake/Model/Datasource/DboSource.php(403): DboSource->_execute('SELECT `Criteri...', Array)
#2 /www/dev/topoftheclass/lib/Cake/Model/Datasource/DboSource.php(647): DboSource->execute('SELECT `Criteri...', Array, Array)
#3 /www/dev/topoftheclass/lib/Cake/Model/Datasource/DboSource.php(1282): DboSource->fetchAll('SELECT `Criteri...', false)
#4 /www/dev/topoftheclass/lib/Cake/Model/Datasource/DboSource.php(1150): DboSource->fetchAssociated(Object(Rubric), 'SELECT `Criteri...', Array)
#5 /www/dev/topoftheclass/lib/Cake/Model/Datasource/DboSource.php(1069): DboSource->queryAssociation(Object(Rubric), Object(Criterion), 'hasMany', 'Criterion', Array, Array, true, Array, 0, Array)
#6 /www/dev/topoftheclass/lib/Cake/Model/Model.php(2483): DboSource->read(Object(Rubric), Array)
#7 /www/dev/topoftheclass/lib/Cake/Model/Model.php(1436): Model->find('first', Array)
#8 /www/dev/topoftheclass/app/Controller/RubricsController.php(32): Model->read(NULL, '1')
#9 [internal function]: RubricsController->view('1')
#10 /www/dev/topoftheclass/lib/Cake/Controller/Controller.php(473): ReflectionMethod->invokeArgs(Object(RubricsController), Array)
#11 /www/dev/topoftheclass/lib/Cake/Routing/Dispatcher.php(104): Controller->invokeAction(Object(CakeRequest))
#12 /www/dev/topoftheclass/lib/Cake/Routing/Dispatcher.php(86): Dispatcher->_invoke(Object(RubricsController), Object(CakeRequest), Object(CakeResponse))
#13 /www/dev/topoftheclass/app/webroot/index.php(96): Dispatcher->dispatch(Object(CakeRequest), Object(CakeResponse))
#14 {main}
2012-04-01 17:47:24 Error: [PDOException] SQLSTATE[42S22]: Column not found: 1054 Unknown column 'Criterions.criterion_order' in 'order clause'
#0 /www/dev/topoftheclass/lib/Cake/Model/Datasource/DboSource.php(436): PDOStatement->execute(Array)
#1 /www/dev/topoftheclass/lib/Cake/Model/Datasource/DboSource.php(403): DboSource->_execute('SELECT `Criteri...', Array)
#2 /www/dev/topoftheclass/lib/Cake/Model/Datasource/DboSource.php(647): DboSource->execute('SELECT `Criteri...', Array, Array)
#3 /www/dev/topoftheclass/lib/Cake/Model/Datasource/DboSource.php(1282): DboSource->fetchAll('SELECT `Criteri...', false)
#4 /www/dev/topoftheclass/lib/Cake/Model/Datasource/DboSource.php(1150): DboSource->fetchAssociated(Object(Rubric), 'SELECT `Criteri...', Array)
#5 /www/dev/topoftheclass/lib/Cake/Model/Datasource/DboSource.php(1069): DboSource->queryAssociation(Object(Rubric), Object(Criterion), 'hasMany', 'Criterion', Array, Array, true, Array, 0, Array)
#6 /www/dev/topoftheclass/lib/Cake/Model/Model.php(2483): DboSource->read(Object(Rubric), Array)
#7 /www/dev/topoftheclass/lib/Cake/Model/Model.php(1436): Model->find('first', Array)
#8 /www/dev/topoftheclass/app/Controller/RubricsController.php(32): Model->read(NULL, '1')
#9 [internal function]: RubricsController->view('1')
#10 /www/dev/topoftheclass/lib/Cake/Controller/Controller.php(473): ReflectionMethod->invokeArgs(Object(RubricsController), Array)
#11 /www/dev/topoftheclass/lib/Cake/Routing/Dispatcher.php(104): Controller->invokeAction(Object(CakeRequest))
#12 /www/dev/topoftheclass/lib/Cake/Routing/Dispatcher.php(86): Dispatcher->_invoke(Object(RubricsController), Object(CakeRequest), Object(CakeResponse))
#13 /www/dev/topoftheclass/app/webroot/index.php(96): Dispatcher->dispatch(Object(CakeRequest), Object(CakeResponse))
#14 {main}
2012-04-01 17:48:51 Error: [PDOException] SQLSTATE[42S22]: Column not found: 1054 Unknown column 'Criterions.criterion_order' in 'order clause'
#0 /www/dev/topoftheclass/lib/Cake/Model/Datasource/DboSource.php(436): PDOStatement->execute(Array)
#1 /www/dev/topoftheclass/lib/Cake/Model/Datasource/DboSource.php(403): DboSource->_execute('SELECT `Criteri...', Array)
#2 /www/dev/topoftheclass/lib/Cake/Model/Datasource/DboSource.php(647): DboSource->execute('SELECT `Criteri...', Array, Array)
#3 /www/dev/topoftheclass/lib/Cake/Model/Datasource/DboSource.php(1282): DboSource->fetchAll('SELECT `Criteri...', false)
#4 /www/dev/topoftheclass/lib/Cake/Model/Datasource/DboSource.php(1150): DboSource->fetchAssociated(Object(Rubric), 'SELECT `Criteri...', Array)
#5 /www/dev/topoftheclass/lib/Cake/Model/Datasource/DboSource.php(1069): DboSource->queryAssociation(Object(Rubric), Object(Criterion), 'hasMany', 'Criterion', Array, Array, true, Array, 0, Array)
#6 /www/dev/topoftheclass/lib/Cake/Model/Model.php(2483): DboSource->read(Object(Rubric), Array)
#7 /www/dev/topoftheclass/lib/Cake/Model/Model.php(1436): Model->find('first', Array)
#8 /www/dev/topoftheclass/app/Controller/RubricsController.php(32): Model->read(NULL, '1')
#9 [internal function]: RubricsController->view('1')
#10 /www/dev/topoftheclass/lib/Cake/Controller/Controller.php(473): ReflectionMethod->invokeArgs(Object(RubricsController), Array)
#11 /www/dev/topoftheclass/lib/Cake/Routing/Dispatcher.php(104): Controller->invokeAction(Object(CakeRequest))
#12 /www/dev/topoftheclass/lib/Cake/Routing/Dispatcher.php(86): Dispatcher->_invoke(Object(RubricsController), Object(CakeRequest), Object(CakeResponse))
#13 /www/dev/topoftheclass/app/webroot/index.php(96): Dispatcher->dispatch(Object(CakeRequest), Object(CakeResponse))
#14 {main}
2012-04-01 17:50:41 Error: [MissingActionException] Action RubricsController::Criterion() could not be found.
#0 /www/dev/topoftheclass/lib/Cake/Routing/Dispatcher.php(104): Controller->invokeAction(Object(CakeRequest))
#1 /www/dev/topoftheclass/lib/Cake/Routing/Dispatcher.php(86): Dispatcher->_invoke(Object(RubricsController), Object(CakeRequest), Object(CakeResponse))
#2 /www/dev/topoftheclass/app/webroot/index.php(96): Dispatcher->dispatch(Object(CakeRequest), Object(CakeResponse))
#3 {main}
2012-04-01 17:51:02 Error: [MissingActionException] Action RubricsController::criterion() could not be found.
#0 /www/dev/topoftheclass/lib/Cake/Routing/Dispatcher.php(104): Controller->invokeAction(Object(CakeRequest))
#1 /www/dev/topoftheclass/lib/Cake/Routing/Dispatcher.php(86): Dispatcher->_invoke(Object(RubricsController), Object(CakeRequest), Object(CakeResponse))
#2 /www/dev/topoftheclass/app/webroot/index.php(96): Dispatcher->dispatch(Object(CakeRequest), Object(CakeResponse))
#3 {main}
2012-04-01 17:51:55 Error: [MissingActionException] Action RubricsController::criterion() could not be found.
#0 /www/dev/topoftheclass/lib/Cake/Routing/Dispatcher.php(104): Controller->invokeAction(Object(CakeRequest))
#1 /www/dev/topoftheclass/lib/Cake/Routing/Dispatcher.php(86): Dispatcher->_invoke(Object(RubricsController), Object(CakeRequest), Object(CakeResponse))
#2 /www/dev/topoftheclass/app/webroot/index.php(96): Dispatcher->dispatch(Object(CakeRequest), Object(CakeResponse))
#3 {main}
2012-04-01 17:52:06 Error: [MissingControllerException] Controller class CriterionController could not be found.
#0 /www/dev/topoftheclass/app/webroot/index.php(96): Dispatcher->dispatch(Object(CakeRequest), Object(CakeResponse))
#1 {main}
2012-04-01 17:55:08 Error: [MissingControllerException] Controller class CriterionController could not be found.
#0 /www/dev/topoftheclass/app/webroot/index.php(96): Dispatcher->dispatch(Object(CakeRequest), Object(CakeResponse))
#1 {main}
2012-04-01 17:55:13 Error: [MissingActionException] Action RubricsController::addCriterion() could not be found.
#0 /www/dev/topoftheclass/lib/Cake/Routing/Dispatcher.php(104): Controller->invokeAction(Object(CakeRequest))
#1 /www/dev/topoftheclass/lib/Cake/Routing/Dispatcher.php(86): Dispatcher->_invoke(Object(RubricsController), Object(CakeRequest), Object(CakeResponse))
#2 /www/dev/topoftheclass/app/webroot/index.php(96): Dispatcher->dispatch(Object(CakeRequest), Object(CakeResponse))
#3 {main}
2012-04-01 17:57:30 Error: [MissingViewException] View file "/www/dev/topoftheclass/app/View/Rubrics/add_criterion.ctp" is missing.
#0 /www/dev/topoftheclass/lib/Cake/View/View.php(360): View->_getViewFileName(NULL)
#1 /www/dev/topoftheclass/lib/Cake/Controller/Controller.php(900): View->render(NULL, NULL)
#2 /www/dev/topoftheclass/lib/Cake/Routing/Dispatcher.php(111): Controller->render()
#3 /www/dev/topoftheclass/lib/Cake/Routing/Dispatcher.php(86): Dispatcher->_invoke(Object(RubricsController), Object(CakeRequest), Object(CakeResponse))
#4 /www/dev/topoftheclass/app/webroot/index.php(96): Dispatcher->dispatch(Object(CakeRequest), Object(CakeResponse))
#5 {main}
2012-04-01 17:59:09 Error: [MissingViewException] View file "/www/dev/topoftheclass/app/View/Rubrics/add_criterion.ctp" is missing.
#0 /www/dev/topoftheclass/lib/Cake/View/View.php(360): View->_getViewFileName(NULL)
#1 /www/dev/topoftheclass/lib/Cake/Controller/Controller.php(900): View->render(NULL, NULL)
#2 /www/dev/topoftheclass/lib/Cake/Routing/Dispatcher.php(111): Controller->render()
#3 /www/dev/topoftheclass/lib/Cake/Routing/Dispatcher.php(86): Dispatcher->_invoke(Object(RubricsController), Object(CakeRequest), Object(CakeResponse))
#4 /www/dev/topoftheclass/app/webroot/index.php(96): Dispatcher->dispatch(Object(CakeRequest), Object(CakeResponse))
#5 {main}
2012-04-01 18:00:10 Error: [MissingViewException] View file "/www/dev/topoftheclass/app/View/Rubrics/add_criterion.ctp" is missing.
#0 /www/dev/topoftheclass/lib/Cake/View/View.php(360): View->_getViewFileName(NULL)
#1 /www/dev/topoftheclass/lib/Cake/Controller/Controller.php(900): View->render(NULL, NULL)
#2 /www/dev/topoftheclass/lib/Cake/Routing/Dispatcher.php(111): Controller->render()
#3 /www/dev/topoftheclass/lib/Cake/Routing/Dispatcher.php(86): Dispatcher->_invoke(Object(RubricsController), Object(CakeRequest), Object(CakeResponse))
#4 /www/dev/topoftheclass/app/webroot/index.php(96): Dispatcher->dispatch(Object(CakeRequest), Object(CakeResponse))
#5 {main}
2012-04-01 18:08:35 Error: [MissingViewException] View file "/www/dev/topoftheclass/app/View/Rubrics/add_criterion.ctp" is missing.
#0 /www/dev/topoftheclass/lib/Cake/View/View.php(360): View->_getViewFileName(NULL)
#1 /www/dev/topoftheclass/lib/Cake/Controller/Controller.php(900): View->render(NULL, NULL)
#2 /www/dev/topoftheclass/lib/Cake/Routing/Dispatcher.php(111): Controller->render()
#3 /www/dev/topoftheclass/lib/Cake/Routing/Dispatcher.php(86): Dispatcher->_invoke(Object(RubricsController), Object(CakeRequest), Object(CakeResponse))
#4 /www/dev/topoftheclass/app/webroot/index.php(96): Dispatcher->dispatch(Object(CakeRequest), Object(CakeResponse))
#5 {main}
2012-04-01 18:11:17 Error: [MissingViewException] View file "/www/dev/topoftheclass/app/View/Rubrics/add_criterion.ctp" is missing.
#0 /www/dev/topoftheclass/lib/Cake/View/View.php(360): View->_getViewFileName(NULL)
#1 /www/dev/topoftheclass/lib/Cake/Controller/Controller.php(900): View->render(NULL, NULL)
#2 /www/dev/topoftheclass/lib/Cake/Routing/Dispatcher.php(111): Controller->render()
#3 /www/dev/topoftheclass/lib/Cake/Routing/Dispatcher.php(86): Dispatcher->_invoke(Object(RubricsController), Object(CakeRequest), Object(CakeResponse))
#4 /www/dev/topoftheclass/app/webroot/index.php(96): Dispatcher->dispatch(Object(CakeRequest), Object(CakeResponse))
#5 {main}
2012-04-01 18:25:30 Error: [MissingActionException] Action RubricsController::1() could not be found.
#0 /www/dev/topoftheclass/lib/Cake/Routing/Dispatcher.php(104): Controller->invokeAction(Object(CakeRequest))
#1 /www/dev/topoftheclass/lib/Cake/Routing/Dispatcher.php(86): Dispatcher->_invoke(Object(RubricsController), Object(CakeRequest), Object(CakeResponse))
#2 /www/dev/topoftheclass/app/webroot/index.php(96): Dispatcher->dispatch(Object(CakeRequest), Object(CakeResponse))
#3 {main}
2012-04-01 18:27:57 Error: [MissingActionException] Action RubricsController::1() could not be found.
#0 /www/dev/topoftheclass/lib/Cake/Routing/Dispatcher.php(104): Controller->invokeAction(Object(CakeRequest))
#1 /www/dev/topoftheclass/lib/Cake/Routing/Dispatcher.php(86): Dispatcher->_invoke(Object(RubricsController), Object(CakeRequest), Object(CakeResponse))
#2 /www/dev/topoftheclass/app/webroot/index.php(96): Dispatcher->dispatch(Object(CakeRequest), Object(CakeResponse))
#3 {main}
2012-04-01 20:15:07 Error: [MissingHelperException] Helper class JavascriptHelper could not be found.
#0 /www/dev/topoftheclass/lib/Cake/View/View.php(574): HelperCollection->load('Javascript', Array)
#1 /www/dev/topoftheclass/lib/Cake/View/View.php(356): View->loadHelpers()
#2 /www/dev/topoftheclass/lib/Cake/Controller/Controller.php(900): View->render(NULL, NULL)
#3 /www/dev/topoftheclass/lib/Cake/Routing/Dispatcher.php(111): Controller->render()
#4 /www/dev/topoftheclass/lib/Cake/Routing/Dispatcher.php(86): Dispatcher->_invoke(Object(RubricsController), Object(CakeRequest), Object(CakeResponse))
#5 /www/dev/topoftheclass/app/webroot/index.php(96): Dispatcher->dispatch(Object(CakeRequest), Object(CakeResponse))
#6 {main}
2012-04-02 21:47:55 Error: [MissingControllerException] Controller class DashboardController could not be found.
#0 /www/dev/topoftheclass/app/webroot/index.php(96): Dispatcher->dispatch(Object(CakeRequest), Object(CakeResponse))
#1 {main}
2012-04-02 21:49:10 Error: [MissingActionException] Action DashboardController::index() could not be found.
#0 /www/dev/topoftheclass/lib/Cake/Routing/Dispatcher.php(104): Controller->invokeAction(Object(CakeRequest))
#1 /www/dev/topoftheclass/lib/Cake/Routing/Dispatcher.php(86): Dispatcher->_invoke(Object(DashboardController), Object(CakeRequest), Object(CakeResponse))
#2 /www/dev/topoftheclass/app/webroot/index.php(96): Dispatcher->dispatch(Object(CakeRequest), Object(CakeResponse))
#3 {main}
2012-04-02 21:49:19 Error: [MissingActionException] Action DashboardController::index() could not be found.
#0 /www/dev/topoftheclass/lib/Cake/Routing/Dispatcher.php(104): Controller->invokeAction(Object(CakeRequest))
#1 /www/dev/topoftheclass/lib/Cake/Routing/Dispatcher.php(86): Dispatcher->_invoke(Object(DashboardController), Object(CakeRequest), Object(CakeResponse))
#2 /www/dev/topoftheclass/app/webroot/index.php(96): Dispatcher->dispatch(Object(CakeRequest), Object(CakeResponse))
#3 {main}
2012-04-02 21:49:46 Error: [MissingViewException] View file "/www/dev/topoftheclass/app/View/Dashboard/index.ctp" is missing.
#0 /www/dev/topoftheclass/lib/Cake/View/View.php(360): View->_getViewFileName(NULL)
#1 /www/dev/topoftheclass/lib/Cake/Controller/Controller.php(900): View->render(NULL, NULL)
#2 /www/dev/topoftheclass/lib/Cake/Routing/Dispatcher.php(111): Controller->render()
#3 /www/dev/topoftheclass/lib/Cake/Routing/Dispatcher.php(86): Dispatcher->_invoke(Object(DashboardController), Object(CakeRequest), Object(CakeResponse))
#4 /www/dev/topoftheclass/app/webroot/index.php(96): Dispatcher->dispatch(Object(CakeRequest), Object(CakeResponse))
#5 {main}
2012-04-02 22:05:56 Error: [MissingControllerException] Controller class AttendanceController could not be found.
#0 /www/dev/topoftheclass/app/webroot/index.php(96): Dispatcher->dispatch(Object(CakeRequest), Object(CakeResponse))
#1 {main}
2012-04-02 22:06:01 Error: [MissingControllerException] Controller class AttendanceController could not be found.
#0 /www/dev/topoftheclass/app/webroot/index.php(96): Dispatcher->dispatch(Object(CakeRequest), Object(CakeResponse))
#1 {main}
2012-04-02 22:06:43 Error: [MissingControllerException] Controller class AttendanceController could not be found.
#0 /www/dev/topoftheclass/app/webroot/index.php(96): Dispatcher->dispatch(Object(CakeRequest), Object(CakeResponse))
#1 {main}
2012-04-02 22:07:14 Error: [MissingControllerException] Controller class AttendanceController could not be found.
#0 /www/dev/topoftheclass/app/webroot/index.php(96): Dispatcher->dispatch(Object(CakeRequest), Object(CakeResponse))
#1 {main}
2012-04-02 22:07:21 Error: [MissingControllerException] Controller class AttendanceController could not be found.
#0 /www/dev/topoftheclass/app/webroot/index.php(96): Dispatcher->dispatch(Object(CakeRequest), Object(CakeResponse))
#1 {main}
2012-04-25 02:38:07 Error: [MissingControllerException] Controller class JsController could not be found.
#0 /www/dev/topoftheclass/app/webroot/index.php(96): Dispatcher->dispatch(Object(CakeRequest), Object(CakeResponse))
#1 {main}
2012-04-25 02:38:08 Error: [MissingControllerException] Controller class JsController could not be found.
#0 /www/dev/topoftheclass/app/webroot/index.php(96): Dispatcher->dispatch(Object(CakeRequest), Object(CakeResponse))
#1 {main}
2012-04-25 02:38:28 Error: [MissingControllerException] Controller class JsController could not be found.
#0 /www/dev/topoftheclass/app/webroot/index.php(96): Dispatcher->dispatch(Object(CakeRequest), Object(CakeResponse))
#1 {main}
2012-04-25 02:38:46 Error: [MissingControllerException] Controller class JsController could not be found.
#0 /www/dev/topoftheclass/app/webroot/index.php(96): Dispatcher->dispatch(Object(CakeRequest), Object(CakeResponse))
#1 {main}
2012-04-25 02:38:48 Error: [MissingControllerException] Controller class JsController could not be found.
#0 /www/dev/topoftheclass/app/webroot/index.php(96): Dispatcher->dispatch(Object(CakeRequest), Object(CakeResponse))
#1 {main}
2012-04-25 02:38:49 Error: [MissingControllerException] Controller class JsController could not be found.
#0 /www/dev/topoftheclass/app/webroot/index.php(96): Dispatcher->dispatch(Object(CakeRequest), Object(CakeResponse))
#1 {main}
2012-04-25 02:39:22 Error: [MissingControllerException] Controller class JsController could not be found.
#0 /www/dev/topoftheclass/app/webroot/index.php(96): Dispatcher->dispatch(Object(CakeRequest), Object(CakeResponse))
#1 {main}
2012-04-25 02:39:24 Error: [MissingControllerException] Controller class JsController could not be found.
#0 /www/dev/topoftheclass/app/webroot/index.php(96): Dispatcher->dispatch(Object(CakeRequest), Object(CakeResponse))
#1 {main}
2012-04-25 02:39:26 Error: [MissingControllerException] Controller class JsController could not be found.
#0 /www/dev/topoftheclass/app/webroot/index.php(96): Dispatcher->dispatch(Object(CakeRequest), Object(CakeResponse))
#1 {main}
2012-04-25 02:39:28 Error: [MissingControllerException] Controller class JsController could not be found.
#0 /www/dev/topoftheclass/app/webroot/index.php(96): Dispatcher->dispatch(Object(CakeRequest), Object(CakeResponse))
#1 {main}
2012-04-25 02:41:04 Error: [MissingControllerException] Controller class JsController could not be found.
#0 /www/dev/topoftheclass/app/webroot/index.php(96): Dispatcher->dispatch(Object(CakeRequest), Object(CakeResponse))
#1 {main}
2012-04-25 02:41:21 Error: [MissingControllerException] Controller class JsController could not be found.
#0 /www/dev/topoftheclass/app/webroot/index.php(96): Dispatcher->dispatch(Object(CakeRequest), Object(CakeResponse))
#1 {main}
2012-04-25 02:48:20 Error: [MissingControllerException] Controller class JsController could not be found.
#0 /www/dev/topoftheclass/app/webroot/index.php(96): Dispatcher->dispatch(Object(CakeRequest), Object(CakeResponse))
#1 {main}
2012-04-25 02:48:51 Error: [MissingControllerException] Controller class JsController could not be found.
#0 /www/dev/topoftheclass/app/webroot/index.php(96): Dispatcher->dispatch(Object(CakeRequest), Object(CakeResponse))
#1 {main}
2012-04-25 02:48:52 Error: [MissingControllerException] Controller class JsController could not be found.
#0 /www/dev/topoftheclass/app/webroot/index.php(96): Dispatcher->dispatch(Object(CakeRequest), Object(CakeResponse))
#1 {main}
2012-04-25 02:49:04 Error: [MissingControllerException] Controller class JsController could not be found.
#0 /www/dev/topoftheclass/app/webroot/index.php(96): Dispatcher->dispatch(Object(CakeRequest), Object(CakeResponse))
#1 {main}
2012-04-25 02:49:40 Error: [MissingControllerException] Controller class JsController could not be found.
#0 /www/dev/topoftheclass/app/webroot/index.php(96): Dispatcher->dispatch(Object(CakeRequest), Object(CakeResponse))
#1 {main}
2012-04-25 02:49:45 Error: [MissingControllerException] Controller class JsController could not be found.
#0 /www/dev/topoftheclass/app/webroot/index.php(96): Dispatcher->dispatch(Object(CakeRequest), Object(CakeResponse))
#1 {main}
2012-04-25 02:49:50 Error: [MissingControllerException] Controller class JsController could not be found.
#0 /www/dev/topoftheclass/app/webroot/index.php(96): Dispatcher->dispatch(Object(CakeRequest), Object(CakeResponse))
#1 {main}
2012-04-25 02:50:57 Error: [MissingControllerException] Controller class JsController could not be found.
#0 /www/dev/topoftheclass/app/webroot/index.php(96): Dispatcher->dispatch(Object(CakeRequest), Object(CakeResponse))
#1 {main}
2012-04-25 02:51:01 Error: [MissingControllerException] Controller class JsController could not be found.
#0 /www/dev/topoftheclass/app/webroot/index.php(96): Dispatcher->dispatch(Object(CakeRequest), Object(CakeResponse))
#1 {main}
2012-04-25 02:51:02 Error: [MissingControllerException] Controller class JsController could not be found.
#0 /www/dev/topoftheclass/app/webroot/index.php(96): Dispatcher->dispatch(Object(CakeRequest), Object(CakeResponse))
#1 {main}
2012-04-25 02:51:15 Error: [MissingControllerException] Controller class JsController could not be found.
#0 /www/dev/topoftheclass/app/webroot/index.php(96): Dispatcher->dispatch(Object(CakeRequest), Object(CakeResponse))
#1 {main}
2012-04-25 02:51:44 Error: [MissingControllerException] Controller class JsController could not be found.
#0 /www/dev/topoftheclass/app/webroot/index.php(96): Dispatcher->dispatch(Object(CakeRequest), Object(CakeResponse))
#1 {main}
2012-04-25 02:51:55 Error: [MissingControllerException] Controller class JsController could not be found.
#0 /www/dev/topoftheclass/app/webroot/index.php(96): Dispatcher->dispatch(Object(CakeRequest), Object(CakeResponse))
#1 {main}
2012-04-25 02:53:35 Error: [MissingControllerException] Controller class JsController could not be found.
#0 /www/dev/topoftheclass/app/webroot/index.php(96): Dispatcher->dispatch(Object(CakeRequest), Object(CakeResponse))
#1 {main}
2012-04-25 02:53:43 Error: [MissingControllerException] Controller class JsController could not be found.
#0 /www/dev/topoftheclass/app/webroot/index.php(96): Dispatcher->dispatch(Object(CakeRequest), Object(CakeResponse))
#1 {main}
2012-04-25 02:54:23 Error: [MissingControllerException] Controller class JsController could not be found.
#0 /www/dev/topoftheclass/app/webroot/index.php(96): Dispatcher->dispatch(Object(CakeRequest), Object(CakeResponse))
#1 {main}
2012-04-25 02:54:37 Error: [MissingControllerException] Controller class JsController could not be found.
#0 /www/dev/topoftheclass/app/webroot/index.php(96): Dispatcher->dispatch(Object(CakeRequest), Object(CakeResponse))
#1 {main}
2012-04-25 02:55:02 Error: [MissingControllerException] Controller class JsController could not be found.
#0 /www/dev/topoftheclass/app/webroot/index.php(96): Dispatcher->dispatch(Object(CakeRequest), Object(CakeResponse))
#1 {main}
2012-04-25 02:55:03 Error: [MissingControllerException] Controller class JsController could not be found.
#0 /www/dev/topoftheclass/app/webroot/index.php(96): Dispatcher->dispatch(Object(CakeRequest), Object(CakeResponse))
#1 {main}
2012-04-25 02:55:09 Error: [MissingControllerException] Controller class JsController could not be found.
#0 /www/dev/topoftheclass/app/webroot/index.php(96): Dispatcher->dispatch(Object(CakeRequest), Object(CakeResponse))
#1 {main}
2012-04-25 02:57:55 Error: [MissingControllerException] Controller class JsController could not be found.
#0 /www/dev/topoftheclass/app/webroot/index.php(96): Dispatcher->dispatch(Object(CakeRequest), Object(CakeResponse))
#1 {main}
2012-04-25 03:02:53 Error: [MissingControllerException] Controller class JsController could not be found.
#0 /www/dev/topoftheclass/app/webroot/index.php(96): Dispatcher->dispatch(Object(CakeRequest), Object(CakeResponse))
#1 {main}
2012-04-25 03:03:48 Error: [MissingControllerException] Controller class JsController could not be found.
#0 /www/dev/topoftheclass/app/webroot/index.php(96): Dispatcher->dispatch(Object(CakeRequest), Object(CakeResponse))
#1 {main}
2012-04-25 03:04:50 Error: [MissingControllerException] Controller class JsController could not be found.
#0 /www/dev/topoftheclass/app/webroot/index.php(96): Dispatcher->dispatch(Object(CakeRequest), Object(CakeResponse))
#1 {main}
2012-04-25 17:00:43 Error: [MissingControllerException] Controller class JsController could not be found.
#0 /www/dev/topoftheclass/app/webroot/index.php(96): Dispatcher->dispatch(Object(CakeRequest), Object(CakeResponse))
#1 {main}
2012-04-25 17:00:48 Error: [MissingControllerException] Controller class JsController could not be found.
#0 /www/dev/topoftheclass/app/webroot/index.php(96): Dispatcher->dispatch(Object(CakeRequest), Object(CakeResponse))
#1 {main}
2012-04-25 17:00:50 Error: [MissingControllerException] Controller class JsController could not be found.
#0 /www/dev/topoftheclass/app/webroot/index.php(96): Dispatcher->dispatch(Object(CakeRequest), Object(CakeResponse))
#1 {main}
2012-04-25 17:00:57 Error: [MissingControllerException] Controller class JsController could not be found.
#0 /www/dev/topoftheclass/app/webroot/index.php(96): Dispatcher->dispatch(Object(CakeRequest), Object(CakeResponse))
#1 {main}
2012-04-25 17:01:05 Error: [MissingControllerException] Controller class JsController could not be found.
#0 /www/dev/topoftheclass/app/webroot/index.php(96): Dispatcher->dispatch(Object(CakeRequest), Object(CakeResponse))
#1 {main}
2012-04-25 17:02:50 Error: [MissingControllerException] Controller class JsController could not be found.
#0 /www/dev/topoftheclass/app/webroot/index.php(96): Dispatcher->dispatch(Object(CakeRequest), Object(CakeResponse))
#1 {main}
2012-04-25 17:03:01 Error: [MissingControllerException] Controller class JsController could not be found.
#0 /www/dev/topoftheclass/app/webroot/index.php(96): Dispatcher->dispatch(Object(CakeRequest), Object(CakeResponse))
#1 {main}
2012-04-25 17:06:28 Error: [MissingControllerException] Controller class JsController could not be found.
#0 /www/dev/topoftheclass/app/webroot/index.php(96): Dispatcher->dispatch(Object(CakeRequest), Object(CakeResponse))
#1 {main}
2012-04-25 17:09:06 Error: [MissingControllerException] Controller class JsController could not be found.
#0 /www/dev/topoftheclass/app/webroot/index.php(96): Dispatcher->dispatch(Object(CakeRequest), Object(CakeResponse))
#1 {main}
2012-04-25 17:10:16 Error: [MissingControllerException] Controller class JsController could not be found.
#0 /www/dev/topoftheclass/app/webroot/index.php(96): Dispatcher->dispatch(Object(CakeRequest), Object(CakeResponse))
#1 {main}
2012-04-25 17:11:01 Error: [MissingControllerException] Controller class JsController could not be found.
#0 /www/dev/topoftheclass/app/webroot/index.php(96): Dispatcher->dispatch(Object(CakeRequest), Object(CakeResponse))
#1 {main}
2012-04-25 17:11:23 Error: [MissingControllerException] Controller class JsController could not be found.
#0 /www/dev/topoftheclass/app/webroot/index.php(96): Dispatcher->dispatch(Object(CakeRequest), Object(CakeResponse))
#1 {main}
2012-04-25 17:12:27 Error: [MissingControllerException] Controller class JsController could not be found.
#0 /www/dev/topoftheclass/app/webroot/index.php(96): Dispatcher->dispatch(Object(CakeRequest), Object(CakeResponse))
#1 {main}
2012-04-25 17:12:41 Error: [MissingControllerException] Controller class JsController could not be found.
#0 /www/dev/topoftheclass/app/webroot/index.php(96): Dispatcher->dispatch(Object(CakeRequest), Object(CakeResponse))
#1 {main}
2012-04-25 17:40:08 Error: [MissingControllerException] Controller class JsController could not be found.
#0 /www/dev/topoftheclass/app/webroot/index.php(96): Dispatcher->dispatch(Object(CakeRequest), Object(CakeResponse))
#1 {main}
2012-04-25 17:41:04 Error: [MissingControllerException] Controller class JsController could not be found.
#0 /www/dev/topoftheclass/app/webroot/index.php(96): Dispatcher->dispatch(Object(CakeRequest), Object(CakeResponse))
#1 {main}
2012-04-25 17:41:08 Error: [MissingControllerException] Controller class JsController could not be found.
#0 /www/dev/topoftheclass/app/webroot/index.php(96): Dispatcher->dispatch(Object(CakeRequest), Object(CakeResponse))
#1 {main}
2012-04-25 17:41:18 Error: [MissingControllerException] Controller class JsController could not be found.
#0 /www/dev/topoftheclass/app/webroot/index.php(96): Dispatcher->dispatch(Object(CakeRequest), Object(CakeResponse))
#1 {main}
2012-04-25 17:41:35 Error: [MissingControllerException] Controller class JsController could not be found.
#0 /www/dev/topoftheclass/app/webroot/index.php(96): Dispatcher->dispatch(Object(CakeRequest), Object(CakeResponse))
#1 {main}
2012-04-25 17:41:37 Error: [MissingControllerException] Controller class JsController could not be found.
#0 /www/dev/topoftheclass/app/webroot/index.php(96): Dispatcher->dispatch(Object(CakeRequest), Object(CakeResponse))
#1 {main}
2012-04-25 17:42:17 Error: [MissingControllerException] Controller class JsController could not be found.
#0 /www/dev/topoftheclass/app/webroot/index.php(96): Dispatcher->dispatch(Object(CakeRequest), Object(CakeResponse))
#1 {main}
2012-04-25 17:45:26 Error: [MissingControllerException] Controller class JsController could not be found.
#0 /www/dev/topoftheclass/app/webroot/index.php(96): Dispatcher->dispatch(Object(CakeRequest), Object(CakeResponse))
#1 {main}
2012-04-25 17:46:37 Error: [MissingControllerException] Controller class JsController could not be found.
#0 /www/dev/topoftheclass/app/webroot/index.php(96): Dispatcher->dispatch(Object(CakeRequest), Object(CakeResponse))
#1 {main}
2012-04-25 17:47:07 Error: [MissingControllerException] Controller class JsController could not be found.
#0 /www/dev/topoftheclass/app/webroot/index.php(96): Dispatcher->dispatch(Object(CakeRequest), Object(CakeResponse))
#1 {main}
2012-04-25 17:48:17 Error: [MissingControllerException] Controller class JsController could not be found.
#0 /www/dev/topoftheclass/app/webroot/index.php(96): Dispatcher->dispatch(Object(CakeRequest), Object(CakeResponse))
#1 {main}
2012-04-25 17:48:27 Error: [MissingControllerException] Controller class JsController could not be found.
#0 /www/dev/topoftheclass/app/webroot/index.php(96): Dispatcher->dispatch(Object(CakeRequest), Object(CakeResponse))
#1 {main}
2012-04-25 17:48:31 Error: [MissingControllerException] Controller class JsController could not be found.
#0 /www/dev/topoftheclass/app/webroot/index.php(96): Dispatcher->dispatch(Object(CakeRequest), Object(CakeResponse))
#1 {main}
2012-04-25 17:48:36 Error: [MissingControllerException] Controller class JsController could not be found.
#0 /www/dev/topoftheclass/app/webroot/index.php(96): Dispatcher->dispatch(Object(CakeRequest), Object(CakeResponse))
#1 {main}
2012-04-25 17:49:46 Error: [MissingControllerException] Controller class JsController could not be found.
#0 /www/dev/topoftheclass/app/webroot/index.php(96): Dispatcher->dispatch(Object(CakeRequest), Object(CakeResponse))
#1 {main}
2012-04-25 17:51:15 Error: [MissingControllerException] Controller class JsController could not be found.
#0 /www/dev/topoftheclass/app/webroot/index.php(96): Dispatcher->dispatch(Object(CakeRequest), Object(CakeResponse))
#1 {main}
2012-04-26 01:54:44 Error: [MissingControllerException] Controller class JsController could not be found.
#0 /www/dev/topoftheclass/app/webroot/index.php(96): Dispatcher->dispatch(Object(CakeRequest), Object(CakeResponse))
#1 {main}
2012-04-26 01:54:49 Error: [MissingControllerException] Controller class JsController could not be found.
#0 /www/dev/topoftheclass/app/webroot/index.php(96): Dispatcher->dispatch(Object(CakeRequest), Object(CakeResponse))
#1 {main}
2012-04-26 01:54:52 Error: [MissingControllerException] Controller class JsController could not be found.
#0 /www/dev/topoftheclass/app/webroot/index.php(96): Dispatcher->dispatch(Object(CakeRequest), Object(CakeResponse))
#1 {main}
2012-04-26 01:55:01 Error: [MissingControllerException] Controller class JsController could not be found.
#0 /www/dev/topoftheclass/app/webroot/index.php(96): Dispatcher->dispatch(Object(CakeRequest), Object(CakeResponse))
#1 {main}
2012-04-26 01:55:03 Error: [MissingControllerException] Controller class JsController could not be found.
#0 /www/dev/topoftheclass/app/webroot/index.php(96): Dispatcher->dispatch(Object(CakeRequest), Object(CakeResponse))
#1 {main}
2012-04-26 01:55:10 Error: [MissingControllerException] Controller class JsController could not be found.
#0 /www/dev/topoftheclass/app/webroot/index.php(96): Dispatcher->dispatch(Object(CakeRequest), Object(CakeResponse))
#1 {main}
2012-04-26 01:55:11 Error: [MissingControllerException] Controller class JsController could not be found.
#0 /www/dev/topoftheclass/app/webroot/index.php(96): Dispatcher->dispatch(Object(CakeRequest), Object(CakeResponse))
#1 {main}
2012-04-26 01:55:57 Error: [MissingControllerException] Controller class JsController could not be found.
#0 /www/dev/topoftheclass/app/webroot/index.php(96): Dispatcher->dispatch(Object(CakeRequest), Object(CakeResponse))
#1 {main}
2012-04-26 01:56:31 Error: [MissingControllerException] Controller class JsController could not be found.
#0 /www/dev/topoftheclass/app/webroot/index.php(96): Dispatcher->dispatch(Object(CakeRequest), Object(CakeResponse))
#1 {main}
2012-04-26 01:56:45 Error: [MissingControllerException] Controller class JsController could not be found.
#0 /www/dev/topoftheclass/app/webroot/index.php(96): Dispatcher->dispatch(Object(CakeRequest), Object(CakeResponse))
#1 {main}
2012-04-26 01:58:07 Error: [MissingControllerException] Controller class JsController could not be found.
#0 /www/dev/topoftheclass/app/webroot/index.php(96): Dispatcher->dispatch(Object(CakeRequest), Object(CakeResponse))
#1 {main}
2012-04-26 01:58:08 Error: [MissingControllerException] Controller class JsController could not be found.
#0 /www/dev/topoftheclass/app/webroot/index.php(96): Dispatcher->dispatch(Object(CakeRequest), Object(CakeResponse))
#1 {main}
2012-04-26 01:58:23 Error: [MissingControllerException] Controller class JsController could not be found.
#0 /www/dev/topoftheclass/app/webroot/index.php(96): Dispatcher->dispatch(Object(CakeRequest), Object(CakeResponse))
#1 {main}
2012-04-26 01:59:02 Error: [MissingControllerException] Controller class JsController could not be found.
#0 /www/dev/topoftheclass/app/webroot/index.php(96): Dispatcher->dispatch(Object(CakeRequest), Object(CakeResponse))
#1 {main}
2012-04-26 01:59:13 Error: [MissingControllerException] Controller class JsController could not be found.
#0 /www/dev/topoftheclass/app/webroot/index.php(96): Dispatcher->dispatch(Object(CakeRequest), Object(CakeResponse))
#1 {main}
2012-04-26 02:04:56 Error: [MissingControllerException] Controller class JsController could not be found.
#0 /www/dev/topoftheclass/app/webroot/index.php(96): Dispatcher->dispatch(Object(CakeRequest), Object(CakeResponse))
#1 {main}
2012-04-26 02:15:57 Error: [MissingControllerException] Controller class JsController could not be found.
#0 /www/dev/topoftheclass/app/webroot/index.php(96): Dispatcher->dispatch(Object(CakeRequest), Object(CakeResponse))
#1 {main}
2012-04-26 02:18:24 Error: [MissingControllerException] Controller class JsController could not be found.
#0 /www/dev/topoftheclass/app/webroot/index.php(96): Dispatcher->dispatch(Object(CakeRequest), Object(CakeResponse))
#1 {main}
2012-04-26 02:19:34 Error: [MissingControllerException] Controller class JsController could not be found.
#0 /www/dev/topoftheclass/app/webroot/index.php(96): Dispatcher->dispatch(Object(CakeRequest), Object(CakeResponse))
#1 {main}
2012-04-26 02:19:56 Error: [MissingControllerException] Controller class JsController could not be found.
#0 /www/dev/topoftheclass/app/webroot/index.php(96): Dispatcher->dispatch(Object(CakeRequest), Object(CakeResponse))
#1 {main}
2012-04-26 02:21:04 Error: [MissingControllerException] Controller class JsController could not be found.
#0 /www/dev/topoftheclass/app/webroot/index.php(96): Dispatcher->dispatch(Object(CakeRequest), Object(CakeResponse))
#1 {main}
2012-04-26 02:22:08 Error: [MissingControllerException] Controller class JsController could not be found.
#0 /www/dev/topoftheclass/app/webroot/index.php(96): Dispatcher->dispatch(Object(CakeRequest), Object(CakeResponse))
#1 {main}
2012-04-26 02:22:42 Error: [MissingControllerException] Controller class JsController could not be found.
#0 /www/dev/topoftheclass/app/webroot/index.php(96): Dispatcher->dispatch(Object(CakeRequest), Object(CakeResponse))
#1 {main}
2012-04-26 02:23:43 Error: [MissingControllerException] Controller class JsController could not be found.
#0 /www/dev/topoftheclass/app/webroot/index.php(96): Dispatcher->dispatch(Object(CakeRequest), Object(CakeResponse))
#1 {main}
2012-04-26 02:24:04 Error: [MissingControllerException] Controller class JsController could not be found.
#0 /www/dev/topoftheclass/app/webroot/index.php(96): Dispatcher->dispatch(Object(CakeRequest), Object(CakeResponse))
#1 {main}
2012-04-26 02:24:05 Error: [MissingControllerException] Controller class JsController could not be found.
#0 /www/dev/topoftheclass/app/webroot/index.php(96): Dispatcher->dispatch(Object(CakeRequest), Object(CakeResponse))
#1 {main}
2012-04-26 02:24:30 Error: [MissingControllerException] Controller class JsController could not be found.
#0 /www/dev/topoftheclass/app/webroot/index.php(96): Dispatcher->dispatch(Object(CakeRequest), Object(CakeResponse))
#1 {main}
2012-04-26 02:25:01 Error: [MissingControllerException] Controller class JsController could not be found.
#0 /www/dev/topoftheclass/app/webroot/index.php(96): Dispatcher->dispatch(Object(CakeRequest), Object(CakeResponse))
#1 {main}
2012-04-26 02:25:08 Error: [MissingControllerException] Controller class JsController could not be found.
#0 /www/dev/topoftheclass/app/webroot/index.php(96): Dispatcher->dispatch(Object(CakeRequest), Object(CakeResponse))
#1 {main}
2012-04-26 02:27:01 Error: [MissingControllerException] Controller class JsController could not be found.
#0 /www/dev/topoftheclass/app/webroot/index.php(96): Dispatcher->dispatch(Object(CakeRequest), Object(CakeResponse))
#1 {main}
2012-04-26 02:28:13 Error: [MissingControllerException] Controller class JsController could not be found.
#0 /www/dev/topoftheclass/app/webroot/index.php(96): Dispatcher->dispatch(Object(CakeRequest), Object(CakeResponse))
#1 {main}
2012-04-26 02:28:41 Error: [MissingControllerException] Controller class JsController could not be found.
#0 /www/dev/topoftheclass/app/webroot/index.php(96): Dispatcher->dispatch(Object(CakeRequest), Object(CakeResponse))
#1 {main}
2012-04-26 02:28:59 Error: [MissingControllerException] Controller class JsController could not be found.
#0 /www/dev/topoftheclass/app/webroot/index.php(96): Dispatcher->dispatch(Object(CakeRequest), Object(CakeResponse))
#1 {main}
2012-04-26 02:29:17 Error: [MissingControllerException] Controller class JsController could not be found.
#0 /www/dev/topoftheclass/app/webroot/index.php(96): Dispatcher->dispatch(Object(CakeRequest), Object(CakeResponse))
#1 {main}
2012-04-26 02:29:29 Error: [MissingControllerException] Controller class JsController could not be found.
#0 /www/dev/topoftheclass/app/webroot/index.php(96): Dispatcher->dispatch(Object(CakeRequest), Object(CakeResponse))
#1 {main}
2012-04-26 02:30:09 Error: [MissingControllerException] Controller class JsController could not be found.
#0 /www/dev/topoftheclass/app/webroot/index.php(96): Dispatcher->dispatch(Object(CakeRequest), Object(CakeResponse))
#1 {main}
2012-04-26 02:30:43 Error: [MissingControllerException] Controller class JsController could not be found.
#0 /www/dev/topoftheclass/app/webroot/index.php(96): Dispatcher->dispatch(Object(CakeRequest), Object(CakeResponse))
#1 {main}
2012-04-26 02:31:01 Error: [MissingControllerException] Controller class JsController could not be found.
#0 /www/dev/topoftheclass/app/webroot/index.php(96): Dispatcher->dispatch(Object(CakeRequest), Object(CakeResponse))
#1 {main}
2012-04-26 02:40:38 Error: [MissingControllerException] Controller class JsController could not be found.
#0 /www/dev/topoftheclass/app/webroot/index.php(96): Dispatcher->dispatch(Object(CakeRequest), Object(CakeResponse))
#1 {main}
2012-04-26 02:40:39 Error: [MissingControllerException] Controller class JsController could not be found.
#0 /www/dev/topoftheclass/app/webroot/index.php(96): Dispatcher->dispatch(Object(CakeRequest), Object(CakeResponse))
#1 {main}
2012-04-26 02:41:13 Error: [MissingControllerException] Controller class JsController could not be found.
#0 /www/dev/topoftheclass/app/webroot/index.php(96): Dispatcher->dispatch(Object(CakeRequest), Object(CakeResponse))
#1 {main}
2012-04-26 02:41:46 Error: [MissingControllerException] Controller class JsController could not be found.
#0 /www/dev/topoftheclass/app/webroot/index.php(96): Dispatcher->dispatch(Object(CakeRequest), Object(CakeResponse))
#1 {main}
2012-04-26 02:42:52 Error: [MissingControllerException] Controller class JsController could not be found.
#0 /www/dev/topoftheclass/app/webroot/index.php(96): Dispatcher->dispatch(Object(CakeRequest), Object(CakeResponse))
#1 {main}
2012-04-26 02:43:23 Error: [MissingControllerException] Controller class JsController could not be found.
#0 /www/dev/topoftheclass/app/webroot/index.php(96): Dispatcher->dispatch(Object(CakeRequest), Object(CakeResponse))
#1 {main}
2012-04-26 12:04:20 Error: [MissingControllerException] Controller class JsController could not be found.
#0 /www/dev/topoftheclass/app/webroot/index.php(96): Dispatcher->dispatch(Object(CakeRequest), Object(CakeResponse))
#1 {main}
2012-04-30 17:29:05 Error: [MissingControllerException] Controller class JsController could not be found.
#0 /www/dev/topoftheclass/app/webroot/index.php(96): Dispatcher->dispatch(Object(CakeRequest), Object(CakeResponse))
#1 {main}
2012-04-30 17:29:10 Error: [MissingControllerException] Controller class JsController could not be found.
#0 /www/dev/topoftheclass/app/webroot/index.php(96): Dispatcher->dispatch(Object(CakeRequest), Object(CakeResponse))
#1 {main}
2012-04-30 17:29:15 Error: [MissingControllerException] Controller class JsController could not be found.
#0 /www/dev/topoftheclass/app/webroot/index.php(96): Dispatcher->dispatch(Object(CakeRequest), Object(CakeResponse))
#1 {main}
2012-05-02 21:14:20 Error: [MissingControllerException] Controller class JsController could not be found.
#0 /www/dev/topoftheclass/app/webroot/index.php(96): Dispatcher->dispatch(Object(CakeRequest), Object(CakeResponse))
#1 {main}
2012-05-04 12:44:21 Error: [MissingControllerException] Controller class JsController could not be found.
#0 /www/dev/topoftheclass/app/webroot/index.php(96): Dispatcher->dispatch(Object(CakeRequest), Object(CakeResponse))
#1 {main}
2012-05-08 01:53:00 Error: [MissingControllerException] Controller class JsController could not be found.
#0 /www/dev/topoftheclass/app/webroot/index.php(96): Dispatcher->dispatch(Object(CakeRequest), Object(CakeResponse))
#1 {main}
2012-05-08 01:53:08 Error: [MissingControllerException] Controller class JsController could not be found.
#0 /www/dev/topoftheclass/app/webroot/index.php(96): Dispatcher->dispatch(Object(CakeRequest), Object(CakeResponse))
#1 {main}
2012-05-08 02:31:34 Error: [MissingControllerException] Controller class JsController could not be found.
#0 /www/dev/heads-up/app/webroot/index.php(96): Dispatcher->dispatch(Object(CakeRequest), Object(CakeResponse))
#1 {main}
2012-05-08 02:38:08 Error: [MissingControllerException] Controller class JsController could not be found.
#0 /www/dev/heads-up/app/webroot/index.php(96): Dispatcher->dispatch(Object(CakeRequest), Object(CakeResponse))
#1 {main}
2012-05-08 02:42:42 Error: [MissingControllerException] Controller class JsController could not be found.
#0 /www/dev/heads-up/app/webroot/index.php(96): Dispatcher->dispatch(Object(CakeRequest), Object(CakeResponse))
#1 {main}
2012-05-08 02:42:55 Error: [MissingControllerException] Controller class JsController could not be found.
#0 /www/dev/heads-up/app/webroot/index.php(96): Dispatcher->dispatch(Object(CakeRequest), Object(CakeResponse))
#1 {main}
